\BOOKMARK [1][-]{section.1}{\376\377\000I\000n\000t\000r\000o\000d\000u\000c\000t\000i\000o\000n}{}% 1
\BOOKMARK [1][-]{section.2}{\376\377\000B\000a\000c\000k\000g\000r\000o\000u\000n\000d}{}% 2
\BOOKMARK [2][-]{subsection.2.1}{\376\377\000P\000e\000r\000t\000u\000r\000b\000a\000t\000i\000o\000n\000\040\000T\000h\000e\000o\000r\000y}{section.2}% 3
\BOOKMARK [3][-]{subsubsection.2.1.1}{\376\377\000T\000h\000e\000\040\000F\000i\000n\000e\000\040\000S\000t\000r\000u\000c\000t\000u\000r\000e\000\040\000P\000e\000r\000t\000u\000r\000b\000a\000t\000i\000o\000n}{subsection.2.1}% 4
\BOOKMARK [3][-]{subsubsection.2.1.2}{\376\377\000T\000h\000e\000\040\000Z\000e\000e\000m\000a\000n\000\040\000E\000f\000f\000e\000c\000t}{subsection.2.1}% 5
\BOOKMARK [3][-]{subsubsection.2.1.3}{\376\377\000T\000h\000e\000\040\000B\000r\000e\000i\000t\000-\000R\000a\000b\000i\000\040\000F\000o\000r\000m\000u\000l\000a}{subsection.2.1}% 6
\BOOKMARK [2][-]{subsection.2.2}{\376\377\000O\000p\000t\000i\000c\000a\000l\000\040\000P\000u\000m\000p\000i\000n\000g}{section.2}% 7
\BOOKMARK [1][-]{section.3}{\376\377\000E\000x\000p\000e\000r\000i\000m\000e\000n\000t\000a\000l\000\040\000S\000e\000t\000u\000p}{}% 8
\BOOKMARK [1][-]{section.4}{\376\377\000E\000x\000p\000e\000r\000i\000m\000e\000n\000t\000a\000l\000\040\000P\000r\000o\000c\000e\000d\000u\000r\000e}{}% 9
\BOOKMARK [2][-]{subsection.4.1}{\376\377\000O\000b\000s\000e\000r\000v\000a\000t\000i\000o\000n\000\040\000o\000f\000\040\000O\000D\000M\000R}{section.4}% 10
\BOOKMARK [2][-]{subsection.4.2}{\376\377\000G\000o\000o\000d\000\040\000s\000e\000t\000t\000i\000n\000g\000s\000\040\000f\000o\000r\000\040\000b\000u\000l\000b\000\040\000t\000e\000m\000p\000e\000r\000a\000t\000u\000r\000e}{section.4}% 11
\BOOKMARK [2][-]{subsection.4.3}{\376\377\000L\000o\000c\000k\000-\000i\000n\000\040\000d\000e\000t\000e\000c\000t\000i\000o\000n\000\040\000o\000f\000\040\000t\000h\000e\000\040\000R\000e\000s\000o\000n\000a\000n\000c\000e\000\040\000F\000r\000e\000q\000u\000e\000n\000c\000y}{section.4}% 12
\BOOKMARK [2][-]{subsection.4.4}{\376\377\000Z\000e\000r\000o\000-\000F\000i\000e\000l\000d\000\040\000R\000e\000s\000o\000n\000a\000n\000c\000e}{section.4}% 13
\BOOKMARK [2][-]{subsection.4.5}{\376\377\000T\000i\000m\000e\000s\000c\000a\000l\000e\000\040\000o\000f\000\040\000P\000u\000m\000p\000i\000n\000g}{section.4}% 14
\BOOKMARK [1][-]{section.5}{\376\377\000A\000n\000a\000l\000y\000s\000i\000s}{}% 15
\BOOKMARK [2][-]{subsection.5.1}{\376\377\000R\000e\000s\000o\000n\000a\000n\000c\000e\000\040\000F\000r\000e\000q\000u\000e\000n\000c\000y\000\040\000v\000s\000.\000\040\000C\000u\000r\000r\000e\000n\000t}{section.5}% 16
\BOOKMARK [2][-]{subsection.5.2}{\376\377\000D\000e\000t\000e\000r\000m\000i\000n\000a\000t\000i\000o\000n\000\040\000o\000f\000\040\000N\000u\000c\000l\000e\000a\000r\000\040\000S\000p\000i\000n\000s}{section.5}% 17
\BOOKMARK [3][-]{subsubsection.5.2.1}{\376\377\000A\000p\000p\000r\000o\000a\000c\000h\000\040\000I}{subsection.5.2}% 18
\BOOKMARK [3][-]{subsubsection.5.2.2}{\376\377\000A\000p\000p\000r\000o\000a\000c\000h\000\040\000I\000I}{subsection.5.2}% 19
\BOOKMARK [2][-]{subsection.5.3}{\376\377\000A\000c\000c\000u\000r\000a\000c\000y\000\040\000o\000f\000\040\000H\000e\000l\000m\000h\000o\000l\000t\000z\000\040\000C\000o\000i\000l\000s}{section.5}% 20
\BOOKMARK [2][-]{subsection.5.4}{\376\377\000A\000m\000b\000i\000e\000n\000t\000\040\000M\000a\000g\000n\000e\000t\000i\000c\000\040\000F\000i\000e\000l\000d}{section.5}% 21
\BOOKMARK [2][-]{subsection.5.5}{\376\377\000Z\000e\000r\000o\000\040\000F\000i\000e\000l\000d\000\040\000M\000e\000a\000s\000u\000r\000e\000m\000e\000n\000t}{section.5}% 22
\BOOKMARK [2][-]{subsection.5.6}{\376\377\000C\000h\000a\000r\000a\000c\000t\000e\000r\000i\000s\000t\000i\000c\000\040\000P\000u\000m\000p\000i\000n\000g\000\040\000T\000i\000m\000e}{section.5}% 23
\BOOKMARK [1][-]{section.6}{\376\377\000R\000e\000f\000l\000e\000c\000t\000i\000o\000n\000\040\000\046\000\040\000C\000o\000n\000c\000l\000u\000s\000i\000o\000n}{}% 24
\BOOKMARK [1][-]{appendix.A}{\376\377\000R\000a\000w\000\040\000D\000a\000t\000a}{}% 25
\BOOKMARK [2][-]{subsection.A.1}{\376\377\000F\000i\000n\000d\000i\000n\000g\000\040\000g\000o\000o\000d\000\040\000s\000e\000t\000t\000i\000n\000g\000s\000\040\000f\000o\000r\000\040\000B\000u\000l\000b\000\040\000t\000e\000m\000p\000e\000r\000a\000t\000u\000r\000e}{appendix.A}% 26
\BOOKMARK [2][-]{subsection.A.2}{\376\377\000R\000e\000s\000o\000n\000a\000n\000c\000e\000\040\000F\000r\000e\000q\000u\000e\000n\000c\000y\000\040\000v\000s\000.\000\040\000C\000u\000r\000r\000e\000n\000t}{appendix.A}% 27
\BOOKMARK [2][-]{subsection.A.3}{\376\377\000C\000h\000a\000r\000a\000c\000t\000e\000r\000i\000s\000t\000i\000c\000\040\000T\000i\000m\000e}{appendix.A}% 28
