\BOOKMARK [1][-]{section.1}{\376\377\000G\000r\000a\000p\000h\000s}{}% 1
\BOOKMARK [2][-]{subsection.1.1}{\376\377\000S\000i\000z\000e\000\040\000o\000f\000\040\000G\000r\000a\000p\000h\000s}{section.1}% 2
\BOOKMARK [2][-]{subsection.1.2}{\376\377\000R\000e\000p\000r\000e\000s\000e\000n\000t\000i\000n\000g\000\040\000G\000r\000a\000p\000h\000s}{section.1}% 3
\BOOKMARK [2][-]{subsection.1.3}{\376\377\000G\000r\000a\000p\000h\000\040\000C\000o\000n\000n\000e\000c\000t\000e\000d\000n\000e\000s\000s}{section.1}% 4
\BOOKMARK [2][-]{subsection.1.4}{\376\377\000D\000e\000p\000t\000h\000\040\000F\000i\000r\000s\000t\000\040\000S\000e\000a\000r\000c\000h\000\040\000\050\000D\000F\000S\000\051}{section.1}% 5
\BOOKMARK [3][-]{subsubsection.1.4.1}{\376\377\000D\000F\000S\000\040\000R\000u\000n\000t\000i\000m\000e}{subsection.1.4}% 6
\BOOKMARK [2][-]{subsection.1.5}{\376\377\000D\000F\000S\000\040\000f\000o\000r\000\040\000D\000i\000r\000e\000c\000t\000e\000d\000\040\000G\000r\000a\000p\000h\000s}{section.1}% 7
\BOOKMARK [1][-]{section.2}{\376\377\000S\000t\000r\000o\000n\000g\000l\000y\000\040\000C\000o\000n\000n\000e\000c\000t\000e\000d\000\040\000G\000r\000a\000p\000h\000s}{}% 8
\BOOKMARK [2][-]{subsection.2.1}{\376\377\000T\000o\000p\000o\000l\000o\000g\000i\000c\000a\000l\000\040\000S\000o\000r\000t}{section.2}% 9
\BOOKMARK [2][-]{subsection.2.2}{\376\377\000D\000A\000G\000s}{section.2}% 10
\BOOKMARK [2][-]{subsection.2.3}{\376\377\000S\000t\000r\000o\000n\000g\000l\000y\000\040\000C\000o\000n\000n\000e\000c\000t\000e\000d\000\040\000C\000o\000m\000p\000o\000n\000e\000n\000t\000s}{section.2}% 11
\BOOKMARK [2][-]{subsection.2.4}{\376\377\000F\000i\000n\000d\000i\000n\000g\000\040\000S\000C\000C\000s}{section.2}% 12
\BOOKMARK [3][-]{subsubsection.2.4.1}{\376\377\000M\000o\000r\000e\000\040\000P\000r\000o\000p\000e\000r\000t\000i\000e\000s\000\040\000o\000f\000\040\000S\000C\000C\000s}{subsection.2.4}% 13
\BOOKMARK [2][-]{subsection.2.5}{\376\377\000T\000h\000e\000\040\000A\000l\000g\000o\000r\000i\000t\000h\000m}{section.2}% 14
\BOOKMARK [1][-]{section.3}{\376\377\000P\000a\000t\000h\000s\000\040\000i\000n\000\040\000G\000r\000a\000p\000h\000s}{}% 15
\BOOKMARK [2][-]{subsection.3.1}{\376\377\000S\000i\000n\000g\000l\000e\000\040\000S\000o\000u\000r\000c\000e\000\040\000S\000h\000o\000r\000t\000e\000s\000t\000\040\000P\000a\000t\000h\000\040\000\050\000S\000S\000S\000P\000\051}{section.3}% 16
\BOOKMARK [2][-]{subsection.3.2}{\376\377\000B\000r\000e\000a\000d\000t\000h\000\040\000F\000i\000r\000s\000t\000\040\000S\000e\000a\000r\000c\000h\000\040\000\050\000B\000F\000S\000\051}{section.3}% 17
\BOOKMARK [3][-]{subsubsection.3.2.1}{\376\377\000R\000u\000n\000t\000i\000m\000e\000\040\000o\000f\000\040\000B\000F\000S}{subsection.3.2}% 18
\BOOKMARK [2][-]{subsection.3.3}{\376\377\000W\000e\000i\000g\000h\000t\000e\000d\000\040\000G\000r\000a\000p\000h\000s}{section.3}% 19
\BOOKMARK [2][-]{subsection.3.4}{\376\377\000D\000i\000j\000k\000s\000t\000r\000a\000'\000s\000\040\000A\000l\000g\000o\000r\000i\000t\000h\000m}{section.3}% 20
\BOOKMARK [3][-]{subsubsection.3.4.1}{\376\377\000R\000u\000n\000t\000i\000m\000e\000\040\000o\000f\000\040\000D\000i\000j\000k\000s\000t\000r\000a\000'\000s}{subsection.3.4}% 21
\BOOKMARK [2][-]{subsection.3.5}{\376\377\000N\000e\000g\000a\000t\000i\000v\000e\000\040\000W\000e\000i\000g\000h\000t\000s\000:\000\040\000B\000e\000l\000l\000m\000a\000n\000-\000F\000o\000r\000d\000\040\000A\000l\000g\000o\000r\000i\000t\000h\000m}{section.3}% 22
\BOOKMARK [1][-]{section.4}{\376\377\000G\000r\000e\000e\000d\000y\000\040\000A\000l\000g\000o\000r\000i\000t\000h\000m\000s}{}% 23
\BOOKMARK [2][-]{subsection.4.1}{\376\377\000S\000c\000h\000e\000d\000u\000l\000i\000n\000g}{section.4}% 24
\BOOKMARK [2][-]{subsection.4.2}{\376\377\000H\000o\000r\000n\000\040\000F\000o\000r\000m\000u\000l\000a\000s}{section.4}% 25
\BOOKMARK [3][-]{subsubsection.4.2.1}{\376\377\000P\000r\000o\000o\000f\000\040\000o\000f\000\040\000C\000o\000r\000r\000e\000c\000t\000n\000e\000s\000s}{subsection.4.2}% 26
\BOOKMARK [2][-]{subsection.4.3}{\376\377\000C\000o\000d\000e\000s}{section.4}% 27
\BOOKMARK [1][-]{section.5}{\376\377\000H\000u\000f\000f\000m\000a\000n\000\040\000C\000o\000d\000i\000n\000g\000,\000\040\000M\000S\000T\000s}{}% 28
\BOOKMARK [2][-]{subsection.5.1}{\376\377\000P\000r\000e\000f\000i\000x\000\040\000c\000o\000d\000e\000s\000\040\000a\000n\000d\000\040\000T\000r\000e\000e\000s}{section.5}% 29
\BOOKMARK [2][-]{subsection.5.2}{\376\377\000A\000l\000g\000o\000r\000i\000t\000h\000m\000\040\000\050\000H\000u\000f\000f\000m\000a\000n\000\040\000C\000o\000d\000i\000n\000g\000\051}{section.5}% 30
\BOOKMARK [2][-]{subsection.5.3}{\376\377\000M\000i\000n\000i\000m\000u\000m\000\040\000S\000p\000a\000n\000n\000i\000n\000g\000\040\000T\000r\000e\000e\000s\000\040\000\050\000M\000S\000T\000s\000\051}{section.5}% 31
\BOOKMARK [3][-]{subsubsection.5.3.1}{\376\377\000G\000r\000a\000p\000h\000\040\000S\000t\000r\000u\000c\000t\000u\000r\000e\000s\000\040\000a\000n\000d\000\040\000C\000u\000t\000s}{subsection.5.3}% 32
\BOOKMARK [3][-]{subsubsection.5.3.2}{\376\377\000K\000r\000u\000s\000k\000a\000l\000'\000s\000\040\000A\000l\000g\000o\000r\000i\000t\000h\000m}{subsection.5.3}% 33
\BOOKMARK [1][-]{section.6}{\376\377\000A\000\040\000d\000i\000f\000f\000e\000r\000e\000n\000t\000\040\000g\000r\000e\000e\000d\000y\000\040\000a\000l\000g\000o\000r\000i\000t\000h\000m\000\040\000f\000o\000r\000\040\000M\000S\000T\000s}{}% 34
\BOOKMARK [2][-]{subsection.6.1}{\376\377\000P\000r\000i\000m\000'\000s\000\040\000A\000l\000g\000o\000r\000i\000t\000h\000m}{section.6}% 35
\BOOKMARK [2][-]{subsection.6.2}{\376\377\000I\000m\000p\000l\000e\000m\000e\000n\000t\000a\000t\000i\000o\000n}{section.6}% 36
\BOOKMARK [2][-]{subsection.6.3}{\376\377\000R\000u\000n\000t\000i\000m\000e}{section.6}% 37
\BOOKMARK [2][-]{subsection.6.4}{\376\377\000S\000e\000t\000\040\000C\000o\000v\000e\000r\000\040\000P\000r\000o\000b\000l\000e\000m}{section.6}% 38
\BOOKMARK [1][-]{section.7}{\376\377\000D\000y\000n\000a\000m\000m\000i\000c\000\040\000P\000r\000o\000g\000r\000a\000m\000m\000i\000n\000g\000\040\000I}{}% 39
\BOOKMARK [2][-]{subsection.7.1}{\376\377\000F\000i\000b\000o\000n\000a\000c\000c\000i\000\040\000N\000u\000m\000b\000e\000r\000s\000,\000\040\000r\000e\000v\000i\000s\000i\000t\000e\000d}{section.7}% 40
\BOOKMARK [2][-]{subsection.7.2}{\376\377\000E\000l\000e\000m\000e\000n\000t\000s\000\040\000o\000f\000\040\000D\000y\000n\000a\000m\000i\000c\000\040\000P\000r\000o\000g\000r\000a\000m\000m\000i\000n\000g}{section.7}% 41
\BOOKMARK [2][-]{subsection.7.3}{\376\377\000S\000h\000o\000r\000t\000e\000s\000t\000\040\000P\000a\000t\000h\000s\000\040\000o\000n\000\040\000D\000A\000G\000s}{section.7}% 42
\BOOKMARK [2][-]{subsection.7.4}{\376\377\000D\000P\000\040\000R\000e\000c\000i\000p\000e}{section.7}% 43
\BOOKMARK [2][-]{subsection.7.5}{\376\377\000S\000h\000o\000r\000t\000e\000s\000t\000\040\000P\000a\000t\000h\000s\000\040\000w\000i\000t\000h\000\040\000k}{section.7}% 44
\BOOKMARK [2][-]{subsection.7.6}{\376\377\000A\000l\000l\000-\000P\000a\000i\000r\000\040\000S\000h\000o\000r\000t\000e\000s\000t\000\040\000P\000a\000t\000h\000s}{section.7}% 45
\BOOKMARK [1][-]{section.8}{\376\377\000D\000y\000n\000a\000m\000i\000c\000\040\000P\000r\000o\000g\000r\000a\000m\000m\000i\000n\000g\000\040\000I\000I}{}% 46
\BOOKMARK [2][-]{subsection.8.1}{\376\377\000L\000o\000n\000g\000e\000s\000t\000\040\000I\000n\000c\000r\000e\000a\000s\000i\000n\000g\000\040\000S\000u\000b\000s\000e\000q\000u\000e\000n\000c\000e}{section.8}% 47
\BOOKMARK [3][-]{subsubsection.8.1.1}{\376\377\000S\000u\000b\000p\000r\000o\000b\000l\000e\000m\000s}{subsection.8.1}% 48
\BOOKMARK [2][-]{subsection.8.2}{\376\377\000E\000d\000i\000t\000\040\000D\000i\000s\000t\000a\000n\000c\000e}{section.8}% 49
\BOOKMARK [3][-]{subsubsection.8.2.1}{\376\377\000C\000o\000s\000t\000\040\000o\000f\000\040\000A\000l\000i\000g\000n\000m\000e\000n\000t}{subsection.8.2}% 50
\BOOKMARK [3][-]{subsubsection.8.2.2}{\376\377\000S\000u\000b\000p\000r\000o\000b\000l\000e\000m\000s}{subsection.8.2}% 51
\BOOKMARK [2][-]{subsection.8.3}{\376\377\000K\000n\000a\000p\000s\000a\000c\000k\000\040\000\050\000w\000i\000t\000h\000\040\000r\000e\000p\000e\000t\000i\000t\000i\000o\000n\000\051}{section.8}% 52
\BOOKMARK [3][-]{subsubsection.8.3.1}{\376\377\000S\000u\000b\000p\000r\000o\000b\000l\000e\000m\000s}{subsection.8.3}% 53
\BOOKMARK [1][-]{section.9}{\376\377\000D\000y\000n\000a\000m\000i\000c\000\040\000P\000r\000o\000g\000r\000a\000m\000m\000i\000n\000g\000\040\000I\000I\000I}{}% 54
\BOOKMARK [2][-]{subsection.9.1}{\376\377\000K\000n\000a\000p\000s\000a\000c\000k\000\040\000\050\000w\000i\000t\000h\000o\000u\000t\000\040\000r\000e\000p\000e\000t\000i\000t\000i\000o\000n\000\051}{section.9}% 55
\BOOKMARK [3][-]{subsubsection.9.1.1}{\376\377\000S\000u\000b\000p\000r\000o\000b\000l\000e\000m\000s}{subsection.9.1}% 56
\BOOKMARK [3][-]{subsubsection.9.1.2}{\376\377\000I\000m\000p\000l\000e\000m\000e\000n\000t\000a\000t\000i\000o\000n}{subsection.9.1}% 57
\BOOKMARK [2][-]{subsection.9.2}{\376\377\000T\000r\000a\000v\000e\000l\000i\000n\000g\000\040\000S\000a\000l\000e\000s\000p\000e\000r\000s\000o\000n\000\040\000P\000r\000o\000b\000l\000e\000m}{section.9}% 58
\BOOKMARK [3][-]{subsubsection.9.2.1}{\376\377\000S\000u\000b\000p\000r\000o\000b\000l\000e\000m\000s}{subsection.9.2}% 59
\BOOKMARK [3][-]{subsubsection.9.2.2}{\376\377\000R\000e\000c\000u\000r\000r\000e\000n\000c\000e\000\040\000R\000e\000l\000a\000t\000i\000o\000n}{subsection.9.2}% 60
\BOOKMARK [3][-]{subsubsection.9.2.3}{\376\377\000I\000m\000p\000l\000e\000m\000e\000n\000t\000a\000t\000i\000o\000n}{subsection.9.2}% 61
\BOOKMARK [2][-]{subsection.9.3}{\376\377\000I\000n\000d\000e\000p\000e\000n\000d\000e\000n\000t\000\040\000S\000e\000t\000s\000\040\000i\000n\000\040\000T\000r\000e\000e\000s}{section.9}% 62
\BOOKMARK [3][-]{subsubsection.9.3.1}{\376\377\000S\000u\000b\000p\000r\000o\000b\000l\000e\000m\000s}{subsection.9.3}% 63
\BOOKMARK [3][-]{subsubsection.9.3.2}{\376\377\000I\000m\000p\000l\000e\000m\000e\000n\000t\000a\000t\000i\000o\000n}{subsection.9.3}% 64
\BOOKMARK [1][-]{section.10}{\376\377\000L\000i\000n\000e\000a\000r\000\040\000P\000r\000o\000g\000r\000a\000m\000m\000i\000n\000g}{}% 65
\BOOKMARK [2][-]{subsection.10.1}{\376\377\000E\000x\000a\000m\000p\000l\000e\000:\000\040\000M\000a\000k\000i\000n\000g\000\040\000C\000a\000k\000e}{section.10}% 66
\BOOKMARK [2][-]{subsection.10.2}{\376\377\000D\000e\000c\000i\000s\000i\000o\000n\000\040\000V\000a\000r\000i\000a\000b\000l\000e\000s}{section.10}% 67
\BOOKMARK [2][-]{subsection.10.3}{\376\377\000L\000P\000\040\000S\000t\000a\000n\000d\000a\000r\000d\000\040\000F\000o\000r\000m}{section.10}% 68
\BOOKMARK [3][-]{subsubsection.10.3.1}{\376\377\000C\000l\000a\000s\000s\000r\000o\000o\000m\000\040\000A\000l\000l\000o\000c\000a\000t\000i\000o\000n}{subsection.10.3}% 69
\BOOKMARK [2][-]{subsection.10.4}{\376\377\000G\000e\000o\000m\000e\000t\000r\000i\000c\000\040\000I\000n\000t\000u\000i\000t\000i\000o\000n}{section.10}% 70
\BOOKMARK [2][-]{subsection.10.5}{\376\377\000A\000l\000g\000o\000r\000i\000t\000h\000m\000\040\000f\000o\000r\000\040\000F\000i\000n\000d\000i\000n\000g\000\040\000V\000e\000r\000t\000i\000c\000e\000s}{section.10}% 71
\BOOKMARK [2][-]{subsection.10.6}{\376\377\000S\000i\000m\000p\000l\000e\000x}{section.10}% 72
\BOOKMARK [1][-]{section.11}{\376\377\000N\000e\000t\000w\000o\000r\000k\000\040\000F\000l\000o\000w}{}% 73
\BOOKMARK [2][-]{subsection.11.1}{\376\377\000G\000r\000e\000e\000d\000y\000\040\000\050\000s\000u\000b\000o\000p\000t\000i\000m\000a\000l\000\051\000\040\000a\000l\000g\000o\000r\000i\000t\000h\000m}{section.11}% 74
\BOOKMARK [2][-]{subsection.11.2}{\376\377\000G\000r\000e\000e\000d\000y\000\040\000F\000i\000x}{section.11}% 75
\BOOKMARK [2][-]{subsection.11.3}{\376\377\000F\000o\000r\000d\000-\000F\000u\000l\000k\000e\000r\000s\000o\000n\000\040\000A\000l\000g\000o\000r\000i\000t\000h\000m}{section.11}% 76
\BOOKMARK [2][-]{subsection.11.4}{\376\377\000R\000u\000n\000t\000i\000m\000e}{section.11}% 77
\BOOKMARK [1][-]{section.12}{\376\377\000N\000e\000t\000w\000o\000r\000k\000\040\000F\000l\000o\000w\000\040\000I\000I}{}% 78
\BOOKMARK [2][-]{subsection.12.1}{\376\377\000B\000i\000p\000a\000r\000t\000i\000t\000e\000\040\000P\000e\000r\000f\000e\000c\000t\000\040\000M\000a\000t\000c\000h\000i\000n\000g}{section.12}% 79
\BOOKMARK [3][-]{subsubsection.12.1.1}{\376\377\000A\000l\000g\000o\000r\000i\000t\000h\000m}{subsection.12.1}% 80
\BOOKMARK [2][-]{subsection.12.2}{\376\377\000L\000P\000\040\000D\000u\000a\000l\000i\000t\000y}{section.12}% 81
\BOOKMARK [2][-]{subsection.12.3}{\376\377\000Z\000e\000r\000o\000-\000S\000u\000m\000\040\000G\000a\000m\000e\000s}{section.12}% 82
\BOOKMARK [3][-]{subsubsection.12.3.1}{\376\377\000G\000a\000m\000e\000\040\0001}{subsection.12.3}% 83
\BOOKMARK [1][-]{section.13}{\376\377\000Z\000e\000r\000o\000\040\000S\000u\000m\000\040\000G\000a\000m\000e\000s\000\040\000I\000I}{}% 84
\BOOKMARK [2][-]{subsection.13.1}{\376\377\000G\000a\000m\000e\000\040\0001}{section.13}% 85
\BOOKMARK [2][-]{subsection.13.2}{\376\377\000G\000a\000m\000e\000\040\0002}{section.13}% 86
\BOOKMARK [2][-]{subsection.13.3}{\376\377\000P\000\040\000v\000s\000.\000\040\000N\000P}{section.13}% 87
\BOOKMARK [1][-]{section.14}{\376\377\000P\000,\000\040\000N\000P\000,\000\040\000R\000e\000d\000u\000c\000t\000i\000o\000n\000s}{}% 88
\BOOKMARK [2][-]{subsection.14.1}{\376\377\000R\000u\000d\000r\000a\000t\000a\000\040\000C\000y\000c\000l\000e\000\040\000\050\000H\000a\000m\000i\000l\000t\000o\000n\000i\000a\000n\000\040\000c\000y\000c\000l\000e\000\051}{section.14}% 89
\BOOKMARK [2][-]{subsection.14.2}{\376\377\000T\000r\000a\000v\000e\000l\000i\000n\000g\000\040\000S\000a\000l\000e\000s\000p\000e\000r\000s\000o\000n\000\040\000P\000r\000o\000b\000l\000e\000m\000\040\000\050\000T\000S\000P\000\051}{section.14}% 90
\BOOKMARK [2][-]{subsection.14.3}{\376\377\000P\000\040\000v\000s\000.\000\040\000N\000P}{section.14}% 91
\BOOKMARK [2][-]{subsection.14.4}{\376\377\000R\000e\000d\000u\000c\000t\000i\000o\000n\000s}{section.14}% 92
\BOOKMARK [3][-]{subsubsection.14.4.1}{\376\377\000Z\000e\000r\000o\000\040\000S\000u\000m\000\040\000G\000a\000m\000e\000s}{subsection.14.4}% 93
\BOOKMARK [3][-]{subsubsection.14.4.2}{\376\377\000R\000u\000d\000r\000a\000t\000a\000\040\000C\000y\000c\000l\000e\000\040\000v\000s\000.\000\040\000M\000i\000n\000\040\000T\000S\000P}{subsection.14.4}% 94
\BOOKMARK [1][-]{section.15}{\376\377\000R\000e\000d\000u\000c\000t\000i\000o\000n\000s\000\040\000I\000I}{}% 95
\BOOKMARK [2][-]{subsection.15.1}{\376\377\000C\000o\000m\000m\000o\000n\000\040\000m\000i\000s\000t\000a\000k\000e\000s\000\040\000i\000n\000\040\000R\000e\000d\000u\000c\000t\000i\000o\000n\000s}{section.15}% 96
\BOOKMARK [2][-]{subsection.15.2}{\376\377\000L\000a\000n\000d\000s\000c\000a\000p\000e\000\040\000o\000f\000\040\000P\000r\000o\000b\000l\000e\000m\000s}{section.15}% 97
\BOOKMARK [2][-]{subsection.15.3}{\376\377\000P\000r\000o\000v\000i\000n\000g\000\040\000N\000P\000-\000C\000o\000m\000p\000l\000e\000t\000e\000n\000e\000s\000s}{section.15}% 98
\BOOKMARK [2][-]{subsection.15.4}{\376\377\000C\000i\000r\000c\000u\000i\000t\000\040\000S\000A\000T}{section.15}% 99
\BOOKMARK [3][-]{subsubsection.15.4.1}{\376\377\0003\000-\000S\000A\000T}{subsection.15.4}% 100
