\BOOKMARK [1][-]{section.1}{\376\377\000I\000n\000t\000r\000o\000d\000u\000c\000t\000i\000o\000n}{}% 1
\BOOKMARK [1][-]{section.2}{\376\377\000T\000h\000e\000o\000r\000y}{}% 2
\BOOKMARK [2][-]{subsection.2.1}{\376\377\000C\000o\000n\000d\000u\000c\000t\000o\000r\000s\000,\000\040\000I\000n\000s\000u\000l\000a\000t\000o\000r\000s\000\040\000a\000n\000d\000\040\000S\000e\000m\000i\000c\000o\000n\000d\000u\000c\000t\000o\000r\000s}{section.2}% 3
\BOOKMARK [2][-]{subsection.2.2}{\376\377\000D\000o\000p\000i\000n\000g}{section.2}% 4
\BOOKMARK [2][-]{subsection.2.3}{\376\377\000H\000a\000l\000l\000\040\000E\000f\000f\000e\000c\000t}{section.2}% 5
\BOOKMARK [3][-]{subsubsection.2.3.1}{\376\377\000O\000n\000e\000\040\000C\000a\000r\000r\000i\000e\000r}{subsection.2.3}% 6
\BOOKMARK [3][-]{subsubsection.2.3.2}{\376\377\000M\000u\000l\000t\000i\000p\000l\000e\000\040\000C\000a\000r\000r\000i\000e\000r\000s}{subsection.2.3}% 7
\BOOKMARK [2][-]{subsection.2.4}{\376\377\000T\000h\000e\000\040\000V\000a\000n\000\040\000D\000e\000r\000\040\000P\000a\000u\000w\000\040\000T\000e\000c\000h\000n\000i\000q\000u\000e}{section.2}% 8
\BOOKMARK [1][-]{section.3}{\376\377\000E\000x\000p\000e\000r\000i\000m\000e\000n\000t\000a\000l\000\040\000P\000r\000o\000c\000e\000d\000u\000r\000e}{}% 9
\BOOKMARK [1][-]{section.4}{\376\377\000A\000n\000a\000l\000y\000s\000i\000s}{}% 10
\BOOKMARK [2][-]{subsection.4.1}{\376\377\000R\000e\000s\000i\000s\000t\000i\000v\000i\000t\000y\000\040\000a\000n\000d\000\040\000H\000a\000l\000l\000\040\000C\000o\000e\000f\000f\000i\000c\000i\000e\000n\000t\000\040\000a\000t\000\040\000R\000o\000o\000m\000\040\000T\000e\000m\000p\000e\000r\000a\000t\000u\000r\000e}{section.4}% 11
\BOOKMARK [2][-]{subsection.4.2}{\376\377\000S\000e\000m\000i\000c\000o\000n\000d\000u\000c\000t\000o\000r\000\040\000T\000y\000p\000e}{section.4}% 12
\BOOKMARK [2][-]{subsection.4.3}{\376\377\000C\000a\000r\000r\000i\000e\000r\000\040\000M\000o\000b\000i\000l\000i\000t\000i\000e\000s}{section.4}% 13
\BOOKMARK [3][-]{subsubsection.4.3.1}{\376\377\000C\000a\000l\000c\000u\000l\000a\000t\000i\000n\000g\000\040\000t\000h\000e\000\040\000h\000o\000l\000e\000\040\000m\000o\000b\000i\000l\000i\000t\000y}{subsection.4.3}% 14
\BOOKMARK [3][-]{subsubsection.4.3.2}{\376\377\000C\000a\000l\000c\000u\000l\000a\000t\000i\000n\000g\000\040\000t\000h\000e\000\040\000e\000l\000e\000c\000t\000r\000o\000n\000\040\000m\000o\000b\000i\000l\000i\000t\000y}{subsection.4.3}% 15
\BOOKMARK [2][-]{subsection.4.4}{\376\377\000C\000a\000l\000c\000u\000l\000a\000t\000i\000n\000g\000\040\000t\000h\000e\000\040\000E\000l\000e\000c\000t\000r\000o\000n\000\040\000a\000n\000d\000\040\000H\000o\000l\000e\000\040\000D\000e\000n\000s\000i\000t\000i\000e\000s}{section.4}% 16
\BOOKMARK [2][-]{subsection.4.5}{\376\377\000H\000a\000l\000l\000\040\000M\000o\000b\000i\000l\000i\000t\000i\000e\000s\000\040\000a\000n\000d\000\040\000Z\000e\000r\000o\000\040\000F\000i\000e\000l\000d}{section.4}% 17
\BOOKMARK [1][-]{section.5}{\376\377\000R\000e\000f\000l\000e\000c\000t\000i\000o\000n}{}% 18
\BOOKMARK [1][-]{appendix.A}{\376\377\000F\000i\000g\000u\000r\000e\000s}{}% 19
\BOOKMARK [1][-]{appendix.B}{\376\377\000C\000a\000l\000c\000u\000l\000a\000t\000i\000n\000g\000\040\000C\000a\000r\000r\000i\000e\000r\000\040\000M\000o\000b\000i\000l\000i\000t\000i\000e\000s}{}% 20
\BOOKMARK [1][-]{appendix.C}{\376\377\000D\000a\000t\000a}{}% 21
