\BOOKMARK [1][-]{section.1}{\376\377\000P\000r\000o\000b\000l\000e\000m\000\040\0001}{}% 1
\BOOKMARK [1][-]{section.2}{\376\377\000P\000r\000o\000b\000l\000e\000m\000\040\0002}{}% 2
\BOOKMARK [2][-]{subsection.2.1}{\376\377\000P\000a\000r\000t\000\040\000a}{section.2}% 3
\BOOKMARK [2][-]{subsection.2.2}{\376\377\000P\000a\000r\000t\000\040\000b}{section.2}% 4
\BOOKMARK [1][-]{section.3}{\376\377\000P\000r\000o\000b\000l\000e\000m\000\040\0003}{}% 5
\BOOKMARK [2][-]{subsection.3.1}{\376\377\000P\000a\000r\000t\000\040\000a\000,\000\040\000b}{section.3}% 6
\BOOKMARK [2][-]{subsection.3.2}{\376\377\000P\000a\000r\000t\000\040\000c}{section.3}% 7
\BOOKMARK [2][-]{subsection.3.3}{\376\377\000P\000a\000r\000t\000\040\000d}{section.3}% 8
\BOOKMARK [2][-]{subsection.3.4}{\376\377\000P\000a\000r\000t\000\040\000e}{section.3}% 9
\BOOKMARK [1][-]{section.4}{\376\377\000P\000r\000o\000b\000l\000e\000m\000\040\0004}{}% 10
\BOOKMARK [1][-]{section.5}{\376\377\000P\000r\000o\000b\000l\000e\000m\000\040\0005}{}% 11
\BOOKMARK [2][-]{subsection.5.1}{\376\377\000P\000a\000r\000t\000\040\000a}{section.5}% 12
\BOOKMARK [2][-]{subsection.5.2}{\376\377\000P\000a\000r\000t\000\040\000b}{section.5}% 13
\BOOKMARK [2][-]{subsection.5.3}{\376\377\000P\000a\000r\000t\000\040\000c}{section.5}% 14
\BOOKMARK [2][-]{subsection.5.4}{\376\377\000P\000a\000r\000t\000\040\000d}{section.5}% 15
\BOOKMARK [1][-]{section.6}{\376\377\000P\000r\000o\000b\000l\000e\000m\000\040\0006}{}% 16
\BOOKMARK [2][-]{subsection.6.1}{\376\377\000P\000a\000r\000t\000\040\000a}{section.6}% 17
\BOOKMARK [2][-]{subsection.6.2}{\376\377\000P\000a\000r\000t\000\040\000b}{section.6}% 18
\BOOKMARK [2][-]{subsection.6.3}{\376\377\000P\000a\000r\000t\000\040\000c}{section.6}% 19
\BOOKMARK [1][-]{section.7}{\376\377\000P\000r\000o\000b\000l\000e\000m\000\040\0007}{}% 20
\BOOKMARK [1][-]{section.8}{\376\377\000P\000r\000o\000b\000l\000e\000m\000\040\0008}{}% 21
\BOOKMARK [2][-]{subsection.8.1}{\376\377\000G\000r\000o\000u\000n\000d\000i\000n\000g\000\040\000t\000h\000e\000\040\000o\000u\000t\000s\000i\000d\000e\000\040\000s\000h\000e\000l\000l}{section.8}% 22
\BOOKMARK [2][-]{subsection.8.2}{\376\377\000G\000r\000o\000u\000n\000d\000i\000n\000g\000\040\000t\000h\000e\000\040\000i\000n\000s\000i\000d\000e\000\040\000s\000h\000e\000l\000l}{section.8}% 23
\BOOKMARK [1][-]{section.9}{\376\377\000P\000r\000o\000b\000l\000e\000m\000\040\0009}{}% 24
\BOOKMARK [2][-]{subsection.9.1}{\376\377\000P\000a\000r\000t\000\040\000a}{section.9}% 25
\BOOKMARK [2][-]{subsection.9.2}{\376\377\000P\000a\000r\000t\000\040\000b}{section.9}% 26
\BOOKMARK [2][-]{subsection.9.3}{\376\377\000P\000a\000r\000t\000\040\000c}{section.9}% 27
\BOOKMARK [1][-]{section.10}{\376\377\000P\000r\000o\000b\000l\000e\000m\000\040\0001\0000}{}% 28
