\BOOKMARK [1][-]{section.1}{\376\377\000I\000n\000t\000r\000o\000d\000u\000c\000t\000i\000o\000n\000:\000\040\000A\000x\000i\000o\000m\000s\000\040\000o\000f\000\040\000Q\000u\000a\000n\000t\000u\000m\000\040\000M\000e\000c\000h\000a\000n\000i\000c\000s}{}% 1
\BOOKMARK [2][-]{subsection.1.1}{\376\377\000Q\000u\000a\000n\000t\000u\000m\000\040\000S\000t\000a\000t\000e\000s}{section.1}% 2
\BOOKMARK [2][-]{subsection.1.2}{\376\377\000I\000n\000n\000e\000r\000\040\000P\000r\000o\000d\000u\000c\000t}{section.1}% 3
\BOOKMARK [2][-]{subsection.1.3}{\376\377\000G\000e\000o\000m\000e\000t\000r\000i\000c\000\040\000I\000n\000t\000e\000r\000p\000r\000e\000t\000a\000t\000i\000o\000n}{section.1}% 4
\BOOKMARK [2][-]{subsection.1.4}{\376\377\000U\000n\000i\000t\000a\000r\000y\000\040\000E\000v\000o\000l\000u\000t\000i\000o\000n}{section.1}% 5
\BOOKMARK [2][-]{subsection.1.5}{\376\377\000O\000b\000s\000e\000r\000v\000a\000b\000l\000e\000s}{section.1}% 6
\BOOKMARK [1][-]{section.2}{\376\377\000E\000n\000t\000a\000n\000g\000l\000e\000m\000e\000n\000t\000\040\000\046\000\040\000B\000e\000l\000l\000\040\000I\000n\000e\000q\000u\000a\000l\000i\000t\000i\000e\000s}{}% 7
\BOOKMARK [2][-]{subsection.2.1}{\376\377\000P\000r\000o\000j\000e\000c\000t\000i\000o\000n\000\040\000O\000p\000e\000r\000a\000t\000o\000r\000s}{section.2}% 8
\BOOKMARK [2][-]{subsection.2.2}{\376\377\000G\000e\000n\000e\000r\000a\000l\000\040\000O\000p\000e\000r\000a\000t\000o\000r\000s}{section.2}% 9
\BOOKMARK [2][-]{subsection.2.3}{\376\377\000M\000e\000a\000s\000u\000r\000e\000m\000e\000n\000t\000\040\000P\000o\000s\000t\000u\000l\000a\000t\000e}{section.2}% 10
\BOOKMARK [3][-]{subsubsection.2.3.1}{\376\377\000S\000p\000e\000c\000i\000f\000i\000c\000\040\000E\000x\000a\000m\000p\000l\000e\000s}{subsection.2.3}% 11
\BOOKMARK [1][-]{section.3}{\376\377\000M\000u\000l\000t\000i\000p\000l\000e\000\040\000Q\000u\000b\000i\000t\000s\000,\000\040\000E\000n\000t\000a\000n\000g\000l\000e\000m\000e\000n\000t}{}% 12
\BOOKMARK [2][-]{subsection.3.1}{\376\377\000M\000u\000l\000t\000i\000p\000l\000e\000\040\000Q\000u\000b\000i\000t\000s}{section.3}% 13
\BOOKMARK [2][-]{subsection.3.2}{\376\377\000Q\000u\000a\000n\000t\000u\000m\000\040\000C\000i\000r\000c\000u\000i\000t\000s}{section.3}% 14
\BOOKMARK [3][-]{subsubsection.3.2.1}{\376\377\000O\000t\000h\000e\000r\000\040\000C\000o\000m\000m\000o\000n\000\040\000G\000a\000t\000e\000s}{subsection.3.2}% 15
\BOOKMARK [3][-]{subsubsection.3.2.2}{\376\377\000U\000n\000i\000v\000e\000r\000s\000a\000l\000\040\000G\000a\000t\000e\000\040\000S\000e\000t\000s}{subsection.3.2}% 16
\BOOKMARK [2][-]{subsection.3.3}{\376\377\000E\000n\000t\000a\000n\000g\000l\000e\000m\000e\000n\000t}{section.3}% 17
\BOOKMARK [1][-]{section.4}{\376\377\000M\000o\000r\000e\000\040\000o\000n\000\040\000M\000u\000l\000t\000i\000p\000l\000e\000\040\000Q\000u\000b\000i\000t\000s}{}% 18
\BOOKMARK [2][-]{subsection.4.1}{\376\377\000M\000e\000a\000s\000u\000r\000e\000m\000e\000n\000t}{section.4}% 19
\BOOKMARK [2][-]{subsection.4.2}{\376\377\000M\000e\000a\000s\000u\000r\000e\000m\000e\000n\000t\000\040\000w\000i\000t\000h\000\040\000E\000n\000t\000a\000n\000g\000l\000e\000d\000\040\000S\000t\000a\000t\000e\000s}{section.4}% 20
\BOOKMARK [2][-]{subsection.4.3}{\376\377\000Q\000u\000a\000n\000t\000u\000m\000\040\000T\000e\000l\000e\000p\000o\000r\000t\000a\000t\000i\000o\000n}{section.4}% 21
\BOOKMARK [1][-]{section.5}{\376\377\000Q\000u\000a\000n\000t\000u\000m\000\040\000K\000e\000y\000\040\000D\000i\000s\000t\000r\000i\000b\000u\000t\000i\000o\000n}{}% 22
\BOOKMARK [2][-]{subsection.5.1}{\376\377\000D\000i\000s\000t\000r\000i\000b\000u\000t\000e\000d\000\040\000E\000n\000t\000a\000n\000g\000l\000e\000m\000e\000n\000t}{section.5}% 23
\BOOKMARK [3][-]{subsubsection.5.1.1}{\376\377\000Q\000K\000D\000\040\000S\000e\000c\000u\000r\000e\000n\000e\000s\000s}{subsection.5.1}% 24
\BOOKMARK [2][-]{subsection.5.2}{\376\377\000Q\000u\000a\000n\000t\000u\000m\000\040\000A\000l\000g\000o\000r\000i\000t\000h\000m\000s}{section.5}% 25
\BOOKMARK [1][-]{section.6}{\376\377\000C\000o\000m\000p\000l\000e\000x\000i\000t\000y\000\040\000C\000l\000a\000s\000s\000e\000s}{}% 26
\BOOKMARK [2][-]{subsection.6.1}{\376\377\000Q\000u\000a\000n\000t\000u\000m\000\040\000C\000o\000m\000p\000l\000e\000x\000i\000t\000y}{section.6}% 27
\BOOKMARK [2][-]{subsection.6.2}{\376\377\000Q\000u\000a\000n\000t\000u\000m\000\040\000C\000o\000m\000p\000l\000e\000x\000i\000t\000y\000\040\000C\000l\000a\000s\000i\000f\000i\000c\000a\000t\000i\000o\000n}{section.6}% 28
