\BOOKMARK [0][-]{chapter.0}{\376\377\000I\000n\000t\000r\000o\000d\000u\000c\000t\000i\000o\000n}{}% 1
\BOOKMARK [1][-]{section.0.1}{\376\377\000B\000a\000s\000i\000c\000\040\000S\000y\000l\000l\000a\000b\000u\000s\000\040\000I\000n\000f\000o}{chapter.0}% 2
\BOOKMARK [-1][-]{part.1}{\376\377\000I\000\040\000T\000h\000e\000r\000m\000o\000d\000y\000n\000a\000m\000i\000c\000s}{}% 3
\BOOKMARK [0][-]{chapter.1}{\376\377\000L\000e\000c\000t\000u\000r\000e\000\040\0001\000\040\000\050\0008\000/\0002\0005\000\051}{part.1}% 4
\BOOKMARK [1][-]{section.1.1}{\376\377\000I\000n\000t\000r\000o\000d\000u\000c\000t\000i\000o\000n\000\040\000o\000f\000\040\000L\000a\000r\000g\000e\000\040\000N\000u\000m\000b\000e\000r\000\040\000S\000y\000s\000t\000e\000m\000s}{chapter.1}% 5
\BOOKMARK [1][-]{section.1.2}{\376\377\000S\000t\000a\000t\000e\000\040\000V\000a\000r\000i\000a\000b\000l\000e\000s}{chapter.1}% 6
\BOOKMARK [1][-]{section.1.3}{\376\377\000T\000h\000e\000\040\000I\000d\000e\000a\000l\000\040\000G\000a\000s}{chapter.1}% 7
\BOOKMARK [1][-]{section.1.4}{\376\377\000E\000v\000e\000n\000\040\000L\000a\000r\000g\000e\000r\000\040\000N\000u\000m\000b\000e\000r\000s\000:\000\040\000C\000o\000m\000b\000i\000n\000a\000t\000o\000r\000i\000a\000l\000\040\000P\000r\000o\000b\000l\000e\000m\000s}{chapter.1}% 8
\BOOKMARK [0][-]{chapter.2}{\376\377\000L\000e\000c\000t\000u\000r\000e\000\040\0002\000\040\000\050\0008\000/\0003\0000\000\051}{part.1}% 9
\BOOKMARK [1][-]{section.2.1}{\376\377\000L\000a\000s\000t\000\040\000T\000i\000m\000e\000:\000\040\000S\000t\000a\000t\000i\000s\000t\000i\000c\000s\000\040\000R\000e\000v\000i\000e\000w}{chapter.2}% 10
\BOOKMARK [1][-]{section.2.2}{\376\377\000D\000i\000s\000c\000r\000e\000t\000e\000\040\000a\000n\000d\000\040\000C\000o\000n\000t\000i\000n\000u\000o\000u\000s\000\040\000P\000r\000o\000b\000a\000b\000i\000l\000i\000t\000y}{chapter.2}% 11
\BOOKMARK [1][-]{section.2.3}{\376\377\000C\000o\000n\000t\000i\000n\000u\000o\000u\000s\000\040\000P\000r\000o\000b\000a\000b\000i\000l\000i\000t\000y\000\040\000D\000i\000s\000t\000r\000i\000b\000u\000t\000i\000o\000n}{chapter.2}% 12
\BOOKMARK [1][-]{section.2.4}{\376\377\000L\000i\000n\000e\000a\000r\000\040\000T\000r\000a\000n\000s\000f\000o\000r\000m\000a\000t\000i\000o\000n\000s}{chapter.2}% 13
\BOOKMARK [1][-]{section.2.5}{\376\377\000F\000l\000u\000c\000t\000u\000a\000t\000i\000o\000n\000\040\000\050\000o\000r\000\040\000S\000p\000r\000e\000a\000d\000\051\000\040\000O\000v\000e\000r\000\040\000t\000h\000e\000\040\000A\000v\000e\000r\000a\000g\000e\000\040\000V\000a\000l\000u\000e}{chapter.2}% 14
\BOOKMARK [1][-]{section.2.6}{\376\377\000L\000i\000n\000e\000a\000r\000\040\000T\000r\000a\000n\000s\000f\000o\000r\000m\000a\000t\000i\000o\000n\000\040\000o\000f\000\040\000V\000a\000r\000i\000a\000n\000c\000e}{chapter.2}% 15
\BOOKMARK [1][-]{section.2.7}{\376\377\000I\000n\000d\000e\000p\000e\000n\000d\000e\000n\000t\000\040\000V\000a\000r\000i\000a\000b\000l\000e\000s}{chapter.2}% 16
\BOOKMARK [1][-]{section.2.8}{\376\377\000G\000e\000n\000e\000r\000a\000l\000i\000z\000a\000t\000i\000o\000n\000\040\000t\000o\000\040\000n\000\040\000v\000a\000r\000i\000a\000b\000l\000e\000s}{chapter.2}% 17
\BOOKMARK [1][-]{section.2.9}{\376\377\000R\000a\000n\000d\000o\000m\000\040\000W\000a\000l\000k\000s}{chapter.2}% 18
\BOOKMARK [1][-]{section.2.10}{\376\377\000T\000r\000a\000n\000s\000i\000t\000i\000o\000n\000i\000n\000g\000\040\000t\000o\000\040\000P\000h\000y\000s\000i\000c\000s}{chapter.2}% 19
\BOOKMARK [0][-]{chapter.3}{\376\377\000L\000e\000c\000t\000u\000r\000e\000\040\0003\000\040\000\050\0009\000/\0001\000\051}{part.1}% 20
\BOOKMARK [1][-]{section.3.1}{\376\377\000D\000e\000f\000i\000n\000i\000n\000g\000\040\000H\000e\000a\000t}{chapter.3}% 21
\BOOKMARK [1][-]{section.3.2}{\376\377\000T\000h\000e\000r\000m\000a\000l\000i\000z\000a\000t\000i\000o\000n}{chapter.3}% 22
\BOOKMARK [1][-]{section.3.3}{\376\377\000D\000e\000f\000i\000n\000i\000n\000g\000\040\000T\000e\000m\000p\000e\000r\000a\000t\000u\000r\000e}{chapter.3}% 23
\BOOKMARK [1][-]{section.3.4}{\376\377\000M\000i\000c\000r\000o\000s\000t\000a\000t\000e\000s\000\040\000a\000n\000d\000\040\000M\000a\000c\000r\000o\000s\000t\000a\000t\000e\000s}{chapter.3}% 24
\BOOKMARK [0][-]{chapter.4}{\376\377\000L\000e\000c\000t\000u\000r\000e\000\040\0004\000\040\000\050\0009\000/\0006\000\051}{part.1}% 25
\BOOKMARK [1][-]{section.4.1}{\376\377\000L\000a\000s\000t\000\040\000T\000i\000m\000e\000:\000\040\000M\000i\000c\000r\000o\000s\000t\000a\000t\000e\000s\000,\000\040\000M\000a\000c\000r\000o\000s\000t\000a\000t\000e\000s\000,\000\040\000a\000n\000d\000\040\000T\000e\000m\000p\000e\000r\000a\000t\000u\000r\000e}{chapter.4}% 26
\BOOKMARK [1][-]{section.4.2}{\376\377\000E\000n\000s\000e\000m\000b\000l\000e\000s}{chapter.4}% 27
\BOOKMARK [1][-]{section.4.3}{\376\377\000D\000e\000r\000i\000v\000i\000n\000g\000\040\000P\000r\000o\000b\000a\000b\000i\000l\000i\000t\000y\000\040\000D\000i\000s\000t\000r\000i\000b\000u\000t\000i\000o\000n}{chapter.4}% 28
\BOOKMARK [1][-]{section.4.4}{\376\377\000G\000a\000s\000\040\000V\000e\000l\000o\000c\000i\000t\000y\000\040\000D\000i\000s\000t\000r\000i\000b\000u\000t\000i\000o\000n\000s}{chapter.4}% 29
\BOOKMARK [1][-]{section.4.5}{\376\377\000P\000r\000e\000s\000s\000u\000r\000e}{chapter.4}% 30
\BOOKMARK [0][-]{chapter.5}{\376\377\000L\000e\000c\000t\000u\000r\000e\000\040\0005\000\040\000\050\0009\000/\0008\000\051}{part.1}% 31
\BOOKMARK [1][-]{section.5.1}{\376\377\000L\000a\000s\000t\000\040\000t\000i\000m\000e\000:\000\040\000H\000e\000a\000t\000\040\000a\000n\000d\000\040\000B\000o\000l\000t\000z\000m\000a\000n\000n\000\040\000D\000i\000s\000t\000r\000i\000b\000u\000t\000i\000o\000n}{chapter.5}% 32
\BOOKMARK [1][-]{section.5.2}{\376\377\000D\000e\000f\000i\000n\000i\000n\000g\000\040\000a\000\040\000T\000h\000e\000r\000m\000o\000d\000y\000n\000a\000m\000i\000c\000\040\000S\000y\000s\000t\000e\000m}{chapter.5}% 33
\BOOKMARK [1][-]{section.5.3}{\376\377\000F\000i\000r\000s\000t\000\040\000L\000a\000w\000\040\000o\000f\000\040\000T\000h\000e\000r\000m\000o\000d\000y\000n\000a\000m\000i\000c\000s}{chapter.5}% 34
\BOOKMARK [1][-]{section.5.4}{\376\377\000H\000e\000a\000t\000\040\000C\000a\000p\000a\000c\000i\000t\000y\000\040\000f\000o\000r\000\040\000G\000a\000s\000e\000s}{chapter.5}% 35
\BOOKMARK [1][-]{section.5.5}{\376\377\000P\000r\000o\000c\000e\000s\000s\000e\000s}{chapter.5}% 36
\BOOKMARK [0][-]{chapter.6}{\376\377\000L\000e\000c\000t\000u\000r\000e\000\040\0006\000\040\000\050\0009\000/\0001\0003\000\051}{part.1}% 37
\BOOKMARK [1][-]{section.6.1}{\376\377\000L\000a\000s\000t\000\040\000T\000i\000m\000e\000:\000\040\000F\000i\000r\000s\000t\000\040\000L\000a\000w\000\040\000o\000f\000\040\000T\000h\000e\000r\000m\000o\000d\000y\000n\000a\000m\000i\000c\000s}{chapter.6}% 38
\BOOKMARK [1][-]{section.6.2}{\376\377\000T\000h\000e\000\040\000I\000s\000o\000t\000h\000e\000r\000m\000a\000l\000\040\000P\000r\000o\000c\000e\000s\000s}{chapter.6}% 39
\BOOKMARK [1][-]{section.6.3}{\376\377\000T\000h\000e\000\040\000A\000d\000i\000a\000b\000a\000t\000i\000c\000\040\000P\000r\000o\000c\000e\000s\000s}{chapter.6}% 40
\BOOKMARK [1][-]{section.6.4}{\376\377\000S\000e\000c\000o\000n\000d\000\040\000L\000a\000w\000\040\000o\000f\000\040\000T\000h\000e\000r\000m\000o\000d\000y\000n\000a\000m\000i\000c\000s}{chapter.6}% 41
\BOOKMARK [1][-]{section.6.5}{\376\377\000P\000r\000o\000c\000e\000s\000s\000e\000s}{chapter.6}% 42
\BOOKMARK [1][-]{section.6.6}{\376\377\000G\000e\000n\000e\000r\000a\000l\000\040\000c\000y\000c\000l\000i\000c\000\040\000p\000r\000o\000c\000e\000s\000s\000e\000s}{chapter.6}% 43
\BOOKMARK [0][-]{chapter.7}{\376\377\000L\000e\000c\000t\000u\000r\000e\000\040\0007\000\040\000\050\0009\000/\0001\0005\000\051}{part.1}% 44
\BOOKMARK [1][-]{section.7.1}{\376\377\000L\000a\000s\000t\000\040\000T\000i\000m\000e\000:\000\040\000T\000h\000e\000\040\000S\000e\000c\000o\000n\000d\000\040\000L\000a\000w\000\040\000a\000n\000d\000\040\000E\000n\000g\000i\000n\000e\000s}{chapter.7}% 45
\BOOKMARK [1][-]{section.7.2}{\376\377\000C\000a\000r\000n\000o\000t\000'\000s\000\040\000T\000h\000e\000o\000r\000e\000m}{chapter.7}% 46
\BOOKMARK [1][-]{section.7.3}{\376\377\000E\000q\000u\000i\000v\000a\000l\000e\000n\000c\000e\000\040\000o\000f\000\040\000K\000e\000l\000v\000i\000n\000\040\000a\000n\000d\000\040\000C\000l\000a\000u\000s\000i\000u\000s}{chapter.7}% 47
\BOOKMARK [1][-]{section.7.4}{\376\377\000C\000l\000a\000u\000s\000i\000u\000s\000'\000\040\000T\000h\000e\000o\000r\000e\000m}{chapter.7}% 48
\BOOKMARK [1][-]{section.7.5}{\376\377\000E\000n\000t\000r\000o\000p\000y}{chapter.7}% 49
\BOOKMARK [0][-]{chapter.8}{\376\377\000L\000e\000c\000t\000u\000r\000e\000\040\0008\000\040\000\050\0009\000/\0002\0000\000\051}{part.1}% 50
\BOOKMARK [1][-]{section.8.1}{\376\377\000L\000a\000s\000t\000\040\000t\000i\000m\000e\000:\000\040\000S\000e\000c\000o\000n\000d\000\040\000L\000a\000w\000\040\000a\000n\000d\000\040\000E\000n\000t\000r\000o\000p\000y}{chapter.8}% 51
\BOOKMARK [1][-]{section.8.2}{\376\377\000E\000n\000t\000r\000o\000p\000y\000\040\000a\000n\000d\000\040\000h\000e\000a\000t\000\040\000f\000l\000o\000w}{chapter.8}% 52
\BOOKMARK [1][-]{section.8.3}{\376\377\000R\000e\000d\000e\000f\000i\000n\000i\000n\000g\000\040\000F\000i\000r\000s\000t\000\040\000L\000a\000w}{chapter.8}% 53
\BOOKMARK [1][-]{section.8.4}{\376\377\000P\000a\000r\000t\000i\000c\000l\000e\000\040\000M\000i\000x\000i\000n\000g\000\040\000P\000r\000o\000b\000l\000e\000m}{chapter.8}% 54
\BOOKMARK [0][-]{chapter.9}{\376\377\000L\000e\000c\000t\000u\000r\000e\000\040\0009\000\040\000\050\0009\000/\0002\0002\000\051}{part.1}% 55
\BOOKMARK [1][-]{section.9.1}{\376\377\000L\000a\000s\000t\000\040\000t\000i\000m\000e\000:\000\040\000E\000n\000t\000r\000o\000p\000y}{chapter.9}% 56
\BOOKMARK [1][-]{section.9.2}{\376\377\000A\000\040\000m\000o\000r\000e\000\040\000u\000s\000e\000f\000u\000l\000\040\000d\000e\000f\000i\000n\000i\000t\000i\000o\000n\000\040\000o\000f\000\040\000e\000n\000t\000r\000o\000p\000y}{chapter.9}% 57
\BOOKMARK [1][-]{section.9.3}{\376\377\000B\000o\000l\000t\000z\000m\000a\000n\000n\000\040\000D\000i\000s\000t\000r\000i\000b\000u\000t\000i\000o\000n}{chapter.9}% 58
\BOOKMARK [1][-]{section.9.4}{\376\377\000C\000l\000a\000s\000s\000i\000c\000a\000l\000\040\000e\000n\000e\000r\000g\000y\000\040\000d\000i\000s\000t\000r\000i\000b\000u\000t\000i\000o\000n\000\040\000o\000f\000\040\000m\000o\000l\000e\000c\000u\000l\000e\000s}{chapter.9}% 59
\BOOKMARK [0][-]{chapter.10}{\376\377\000L\000e\000c\000t\000u\000r\000e\000\040\0001\0000\000\040\000\050\0009\000/\0002\0007\000\051}{part.1}% 60
\BOOKMARK [1][-]{section.10.1}{\376\377\000L\000a\000s\000t\000\040\000L\000e\000c\000t\000u\000r\000e\000:\000\040\000T\000h\000e\000\040\000E\000q\000u\000i\000p\000a\000r\000t\000i\000t\000i\000o\000n\000\040\000T\000h\000e\000o\000r\000e\000m}{chapter.10}% 61
\BOOKMARK [0][-]{chapter.11}{\376\377\000L\000e\000c\000t\000u\000r\000e\000\040\0001\0001\000\040\000\050\0009\000/\0002\0009\000\051}{part.1}% 62
\BOOKMARK [0][-]{chapter.12}{\376\377\000L\000e\000c\000t\000u\000r\000e\000\040\0001\0002\000\040\000\050\0001\0000\000/\0004\000\051}{part.1}% 63
\BOOKMARK [0][-]{chapter.13}{\376\377\000L\000e\000c\000t\000u\000r\000e\000\040\0001\0003\000\040\000\050\0001\0000\000/\0006\000\051}{part.1}% 64
\BOOKMARK [0][-]{chapter.14}{\376\377\000L\000e\000c\000t\000u\000r\000e\000\040\0001\0004\000\040\000\050\0001\0000\000/\0001\0001\000\051}{part.1}% 65
\BOOKMARK [-1][-]{part.2}{\376\377\000I\000I\000\040\000Q\000u\000a\000n\000t\000u\000m\000\040\000M\000e\000c\000h\000a\000n\000i\000c\000s}{}% 66
\BOOKMARK [0][-]{chapter.15}{\376\377\000L\000e\000c\000t\000u\000r\000e\000\040\0001\0005\000\040\000\050\0001\0000\000/\0001\0008\000\051}{part.2}% 67
\BOOKMARK [0][-]{chapter.16}{\376\377\000L\000e\000c\000t\000u\000r\000e\000\040\0001\0006\000\040\000\050\0001\0000\000/\0002\0000\000\051}{part.2}% 68
\BOOKMARK [0][-]{chapter.17}{\376\377\000L\000e\000c\000t\000u\000r\000e\000\040\0001\0007\000\040\000\050\0001\0000\000/\0002\0005\000\051}{part.2}% 69
\BOOKMARK [0][-]{chapter.18}{\376\377\000L\000e\000c\000t\000u\000r\000e\000\040\0001\0008\000\040\000\050\0001\0000\000/\0002\0007\000\051}{part.2}% 70
\BOOKMARK [0][-]{chapter.19}{\376\377\000L\000e\000c\000t\000u\000r\000e\000\040\0001\0009\000\040\000\050\0001\0001\000/\0001\000\051}{part.2}% 71
\BOOKMARK [0][-]{chapter.20}{\376\377\000L\000e\000c\000t\000u\000r\000e\000\040\0002\0000\000\040\000\050\0001\0001\000/\0003\000\051}{part.2}% 72
\BOOKMARK [0][-]{chapter.21}{\376\377\000L\000e\000c\000t\000u\000r\000e\000\040\0002\0001\000\040\000\050\0001\0001\000/\0008\000\051}{part.2}% 73
\BOOKMARK [0][-]{chapter.22}{\376\377\000L\000e\000c\000t\000u\000r\000e\000\040\0002\0002\000\040\000\050\0001\0001\000/\0001\0000\000\051}{part.2}% 74
\BOOKMARK [0][-]{chapter.23}{\376\377\000L\000e\000c\000t\000u\000r\000e\000\040\0002\0003\000\040\000\050\0001\0001\000/\0001\0005\000\051}{part.2}% 75
\BOOKMARK [0][-]{chapter.24}{\376\377\000L\000e\000c\000t\000u\000r\000e\000\040\0002\0004\000\040\000\050\0001\0001\000/\0001\0007\000\051}{part.2}% 76
\BOOKMARK [0][-]{chapter.25}{\376\377\000L\000e\000c\000t\000u\000r\000e\000\040\0002\0005\000\040\000\050\0001\0001\000/\0002\0002\000\051}{part.2}% 77
\BOOKMARK [0][-]{chapter.26}{\376\377\000L\000e\000c\000t\000u\000r\000e\000\040\0002\0006\000\040\000\050\0001\0001\000/\0002\0004\000\051}{part.2}% 78
\BOOKMARK [0][-]{chapter.27}{\376\377\000L\000e\000c\000t\000u\000r\000e\000\040\0002\0007\000\040\000\050\0001\0001\000/\0002\0009\000\051}{part.2}% 79
\BOOKMARK [0][-]{chapter.28}{\376\377\000L\000e\000c\000t\000u\000r\000e\000\040\0002\0008\000\040\000\050\0001\0002\000/\0001\000\051}{part.2}% 80
\BOOKMARK [0][-]{chapter.29}{\376\377\000L\000e\000c\000t\000u\000r\000e\000\040\0002\0009\000\040\000\050\0001\0002\000/\0006\000\051}{part.2}% 81
\BOOKMARK [0][-]{chapter.30}{\376\377\000L\000e\000c\000t\000u\000r\000e\000\040\0003\0000\000\040\000\050\0001\0002\000/\0008\000\051}{part.2}% 82
\BOOKMARK [-1][-]{part.3}{\376\377\000I\000I\000I\000\040\000M\000i\000s\000c\000e\000l\000l\000a\000n\000e\000o\000u\000s}{}% 83
\BOOKMARK [0][-]{chapter.31}{\376\377\000C\000l\000o\000s\000i\000n\000g\000\040\000R\000e\000m\000a\000r\000k\000s}{part.3}% 84
