\BOOKMARK [1][-]{section.1}{\376\377\000L\000e\000c\000t\000u\000r\000e\000\040\0001}{}% 1
\BOOKMARK [2][-]{subsection.1.1}{\376\377\000M\000o\000t\000i\000v\000a\000t\000i\000o\000n\000s}{section.1}% 2
\BOOKMARK [2][-]{subsection.1.2}{\376\377\000T\000y\000p\000e\000s\000\040\000o\000f\000\040\000S\000i\000g\000n\000a\000l\000s}{section.1}% 3
\BOOKMARK [2][-]{subsection.1.3}{\376\377\000S\000i\000g\000n\000a\000l\000\040\000T\000r\000a\000n\000s\000f\000o\000r\000m\000a\000t\000i\000o\000n\000s}{section.1}% 4
\BOOKMARK [2][-]{subsection.1.4}{\376\377\000S\000i\000g\000n\000a\000l\000\040\000P\000r\000o\000p\000e\000r\000t\000i\000e\000s}{section.1}% 5
\BOOKMARK [2][-]{subsection.1.5}{\376\377\000M\000o\000d\000e\000l\000\040\000F\000u\000n\000c\000t\000i\000o\000n\000s}{section.1}% 6
\BOOKMARK [1][-]{section.2}{\376\377\000L\000e\000c\000t\000u\000r\000e\000\040\0002}{}% 7
\BOOKMARK [2][-]{subsection.2.1}{\376\377\000M\000o\000d\000e\000l\000\040\000F\000u\000n\000c\000t\000i\000o\000n\000s\000\040\000C\000o\000n\000t\000i\000n\000u\000e\000d}{section.2}% 8
\BOOKMARK [2][-]{subsection.2.2}{\376\377\000S\000y\000s\000t\000e\000m\000\040\000C\000h\000a\000r\000a\000c\000t\000e\000r\000i\000z\000a\000t\000i\000o\000n}{section.2}% 9
\BOOKMARK [1][-]{section.3}{\376\377\000L\000e\000c\000t\000u\000r\000e\000\040\0003}{}% 10
\BOOKMARK [2][-]{subsection.3.1}{\376\377\000S\000t\000e\000p\000\040\000R\000e\000s\000p\000o\000n\000s\000e}{section.3}% 11
\BOOKMARK [2][-]{subsection.3.2}{\376\377\000L\000C\000C\000D\000E}{section.3}% 12
\BOOKMARK [3][-]{subsubsection.3.2.1}{\376\377\000E\000x\000a\000m\000p\000l\000e}{subsection.3.2}% 13
\BOOKMARK [1][-]{section.4}{\376\377\000L\000e\000c\000t\000u\000r\000e\000\040\0004}{}% 14
\BOOKMARK [2][-]{subsection.4.1}{\376\377\000S\000y\000s\000t\000e\000m\000\040\000B\000l\000o\000c\000k\000\040\000D\000i\000a\000g\000r\000a\000m}{section.4}% 15
\BOOKMARK [2][-]{subsection.4.2}{\376\377\000L\000i\000n\000e\000a\000r\000\040\000T\000i\000m\000e\000\040\000I\000n\000v\000a\000r\000i\000a\000n\000t\000\040\000\050\000L\000T\000I\000\051\000,\000\040\000L\000i\000n\000e\000a\000r\000\040\000S\000h\000i\000f\000t\000\040\000I\000n\000v\000a\000r\000i\000a\000n\000t\000\040\000\050\000L\000S\000I\000\051}{section.4}% 16
\BOOKMARK [3][-]{subsubsection.4.2.1}{\376\377\000W\000h\000y\000\040\000a\000\040\000c\000o\000n\000v\000o\000l\000u\000t\000i\000o\000n\000?}{subsection.4.2}% 17
\BOOKMARK [3][-]{subsubsection.4.2.2}{\376\377\000I\000m\000p\000u\000l\000s\000e\000\040\000R\000e\000s\000p\000o\000n\000s\000e\000\040\000o\000f\000\040\0001\000s\000t\000\040\000o\000r\000d\000e\000r\000\040\000L\000C\000C\000D\000E}{subsection.4.2}% 18
\BOOKMARK [2][-]{subsection.4.3}{\376\377\000H\000a\000r\000m\000o\000n\000i\000c\000\040\000R\000e\000s\000p\000o\000n\000s\000e\000\040\000o\000f\000\040\000a\000n\000\040\000L\000T\000I\000\040\000s\000y\000s\000t\000e\000m}{section.4}% 19
\BOOKMARK [3][-]{subsubsection.4.3.1}{\376\377\000E\000x\000a\000m\000p\000l\000e\000:\000\040\000F\000r\000e\000q\000u\000e\000n\000c\000y\000\040\000r\000e\000s\000p\000o\000n\000s\000e\000\040\000o\000f\000\040\000a\000n\000\040\000R\000C\000\040\000C\000i\000r\000c\000u\000i\000t}{subsection.4.3}% 20
\BOOKMARK [2][-]{subsection.4.4}{\376\377\000S\000i\000n\000u\000s\000o\000i\000d\000a\000l\000\040\000I\000n\000p\000u\000t}{section.4}% 21
\BOOKMARK [2][-]{subsection.4.5}{\376\377\000L\000T\000I\000\040\000s\000y\000s\000t\000e\000m\000s\000\040\000i\000n\000\040\000P\000a\000r\000a\000l\000l\000e\000l\000\040\000a\000n\000d\000\040\000S\000e\000r\000i\000e\000s}{section.4}% 22
\BOOKMARK [1][-]{section.5}{\376\377\000L\000e\000c\000t\000u\000r\000e\000\040\0005}{}% 23
\BOOKMARK [2][-]{subsection.5.1}{\376\377\000C\000a\000u\000s\000a\000l\000i\000t\000y\000\040\000a\000n\000d\000\040\000B\000I\000B\000O\000\040\000s\000t\000a\000b\000i\000l\000i\000t\000y}{section.5}% 24
\BOOKMARK [2][-]{subsection.5.2}{\376\377\000C\000o\000n\000v\000o\000l\000u\000t\000i\000o\000n\000\040\000a\000n\000d\000\040\000C\000o\000r\000r\000e\000l\000a\000t\000i\000o\000n}{section.5}% 25
\BOOKMARK [3][-]{subsubsection.5.2.1}{\376\377\000E\000x\000a\000m\000p\000l\000e\000\040\000F\000u\000n\000c\000t\000i\000o\000n\000s}{subsection.5.2}% 26
\BOOKMARK [2][-]{subsection.5.3}{\376\377\000C\000o\000n\000v\000o\000l\000u\000t\000i\000o\000n\000\040\000I\000d\000e\000n\000t\000i\000t\000i\000e\000s}{section.5}% 27
\BOOKMARK [1][-]{section.6}{\376\377\000L\000e\000c\000t\000u\000r\000e\000\040\0006}{}% 28
\BOOKMARK [2][-]{subsection.6.1}{\376\377\000C\000l\000a\000r\000i\000f\000i\000c\000a\000t\000i\000o\000n\000\040\000o\000n\000\040\000B\000I\000B\000O\000\040\000S\000t\000a\000b\000i\000l\000i\000t\000y}{section.6}% 29
\BOOKMARK [2][-]{subsection.6.2}{\376\377\000C\000r\000o\000s\000s\000-\000C\000o\000r\000r\000e\000l\000a\000t\000i\000o\000n}{section.6}% 30
\BOOKMARK [2][-]{subsection.6.3}{\376\377\000M\000o\000r\000e\000\040\000C\000o\000n\000v\000o\000l\000u\000t\000i\000o\000n\000\040\000P\000r\000o\000p\000e\000r\000t\000i\000e\000s}{section.6}% 31
\BOOKMARK [2][-]{subsection.6.4}{\376\377\000F\000o\000u\000r\000i\000e\000r\000\040\000T\000r\000a\000n\000s\000f\000o\000r\000m}{section.6}% 32
\BOOKMARK [1][-]{section.7}{\376\377\000L\000e\000c\000t\000u\000r\000e\000\040\0007}{}% 33
\BOOKMARK [2][-]{subsection.7.1}{\376\377\000D\000T\000F\000T\000\040\000a\000n\000d\000\040\000C\000o\000n\000v\000e\000r\000g\000e\000n\000c\000e}{section.7}% 34
\BOOKMARK [2][-]{subsection.7.2}{\376\377\000F\000o\000u\000r\000i\000e\000r\000\040\000T\000r\000a\000n\000s\000f\000o\000r\000m\000\040\000P\000a\000i\000r\000s}{section.7}% 35
\BOOKMARK [1][-]{section.8}{\376\377\000F\000o\000u\000r\000i\000e\000r\000\040\000T\000r\000a\000n\000s\000f\000o\000r\000m\000s}{}% 36
\BOOKMARK [2][-]{subsection.8.1}{\376\377\000D\000i\000s\000c\000r\000e\000t\000e\000\040\000F\000o\000u\000r\000i\000e\000r\000\040\000T\000r\000a\000n\000s\000f\000o\000r\000m}{section.8}% 37
\BOOKMARK [2][-]{subsection.8.2}{\376\377\000C\000o\000n\000v\000o\000l\000u\000t\000i\000o\000n\000s\000\040\000a\000n\000d\000\040\000F\000o\000u\000r\000i\000e\000r\000\040\000T\000r\000a\000n\000s\000f\000o\000r\000m}{section.8}% 38
\BOOKMARK [2][-]{subsection.8.3}{\376\377\000F\000o\000u\000r\000i\000e\000r\000\040\000S\000e\000r\000i\000e\000s}{section.8}% 39
\BOOKMARK [1][-]{section.9}{\376\377\000M\000o\000r\000e\000\040\000o\000n\000\040\000F\000o\000u\000r\000i\000e\000r\000\040\000T\000r\000a\000n\000s\000f\000o\000r\000m\000s}{}% 40
\BOOKMARK [2][-]{subsection.9.1}{\376\377\000D\000i\000s\000c\000r\000e\000t\000e\000\040\000T\000i\000m\000e\000\040\000F\000o\000u\000r\000i\000e\000r\000\040\000T\000r\000a\000n\000s\000f\000o\000r\000m\000s\000\040\000\050\000D\000T\000F\000T\000\051}{section.9}% 41
\BOOKMARK [2][-]{subsection.9.2}{\376\377\000C\000h\000a\000r\000a\000c\000t\000e\000r\000i\000s\000t\000i\000c\000s\000\040\000o\000f\000\040\000D\000T\000F\000T}{section.9}% 42
\BOOKMARK [2][-]{subsection.9.3}{\376\377\000C\000o\000m\000m\000o\000n\000\040\000D\000T\000F\000T\000s}{section.9}% 43
\BOOKMARK [1][-]{section.10}{\376\377\000C\000o\000n\000t\000i\000n\000u\000o\000u\000s\000-\000T\000i\000m\000e\000\040\000F\000o\000u\000r\000i\000e\000r\000\040\000T\000r\000a\000n\000s\000f\000o\000r\000m\000\040\000P\000r\000o\000p\000e\000r\000t\000i\000e\000s}{}% 44
\BOOKMARK [2][-]{subsection.10.1}{\376\377\000W\000h\000y\000\040\000C\000T\000F\000T\000?}{section.10}% 45
\BOOKMARK [2][-]{subsection.10.2}{\376\377\000C\000T\000F\000T\000\040\000P\000r\000o\000p\000e\000r\000t\000i\000e\000s\000,\000\040\000D\000T\000F\000T\000\040\000P\000r\000o\000p\000e\000r\000t\000i\000e\000s}{section.10}% 46
\BOOKMARK [1][-]{section.11}{\376\377\000L\000a\000p\000l\000a\000c\000e\000\040\000T\000r\000a\000n\000s\000f\000o\000r\000m}{}% 47
\BOOKMARK [2][-]{subsection.11.1}{\376\377\000N\000o\000t\000a\000t\000i\000o\000n\000,\000\040\000T\000e\000r\000m\000s}{section.11}% 48
\BOOKMARK [2][-]{subsection.11.2}{\376\377\000L\000a\000p\000l\000a\000c\000e\000\040\000T\000r\000a\000n\000s\000f\000o\000r\000m\000\040\000P\000a\000i\000r\000s}{section.11}% 49
\BOOKMARK [2][-]{subsection.11.3}{\376\377\000W\000h\000y\000\040\000L\000a\000p\000l\000a\000c\000e\000\040\000T\000r\000a\000n\000s\000f\000o\000r\000m\000?}{section.11}% 50
\BOOKMARK [2][-]{subsection.11.4}{\376\377\000R\000e\000g\000i\000o\000n\000\040\000o\000f\000\040\000C\000o\000n\000v\000e\000r\000g\000e\000n\000c\000e}{section.11}% 51
\BOOKMARK [2][-]{subsection.11.5}{\376\377\000P\000r\000o\000p\000e\000r\000t\000i\000e\000s\000\040\000o\000f\000\040\000L\000a\000p\000l\000a\000c\000e\000\040\000T\000r\000a\000n\000s\000f\000o\000r\000m}{section.11}% 52
\BOOKMARK [1][-]{section.12}{\376\377\000M\000o\000r\000e\000\040\000L\000a\000p\000l\000a\000c\000e\000\040\000T\000r\000a\000n\000s\000f\000o\000r\000m}{}% 53
\BOOKMARK [2][-]{subsection.12.1}{\376\377\000P\000o\000l\000e\000s\000\040\000a\000n\000d\000\040\000Z\000e\000r\000o\000s\000\040\000o\000f\000\040\000t\000h\000e\000\040\000L\000a\000p\000l\000a\000c\000e\000\040\000T\000r\000a\000n\000s\000f\000o\000r\000m}{section.12}% 54
\BOOKMARK [2][-]{subsection.12.2}{\376\377\000I\000n\000v\000e\000r\000s\000e\000\040\000L\000a\000p\000l\000a\000c\000e\000\040\000T\000r\000a\000n\000s\000f\000o\000r\000m\000\040\000b\000y\000\040\000P\000a\000r\000t\000i\000a\000l\000\040\000F\000r\000a\000c\000t\000i\000o\000n\000\040\000E\000x\000p\000a\000n\000s\000i\000o\000n}{section.12}% 55
\BOOKMARK [2][-]{subsection.12.3}{\376\377\000S\000o\000l\000v\000i\000n\000g\000\040\000t\000h\000e\000\040\000I\000n\000t\000e\000g\000r\000a\000l\000\040\000D\000E}{section.12}% 56
\BOOKMARK [1][-]{section.13}{\376\377\000T\000r\000a\000n\000s\000f\000e\000r\000\040\000F\000u\000n\000c\000t\000i\000o\000n\000\040\000o\000f\000\040\000L\000T\000I\000\040\000S\000y\000s\000t\000e\000m\000s}{}% 57
\BOOKMARK [2][-]{subsection.13.1}{\376\377\000R\000L\000C\000\040\000C\000i\000r\000c\000u\000i\000t}{section.13}% 58
\BOOKMARK [2][-]{subsection.13.2}{\376\377\000E\000f\000f\000e\000c\000t\000\040\000o\000f\000\040\000P\000o\000l\000e\000s}{section.13}% 59
\BOOKMARK [2][-]{subsection.13.3}{\376\377\000S\000t\000a\000b\000i\000l\000i\000t\000y\000\040\000o\000f\000\040\000C\000a\000u\000s\000a\000l\000\040\000S\000y\000s\000t\000e\000m}{section.13}% 60
\BOOKMARK [2][-]{subsection.13.4}{\376\377\000C\000o\000n\000n\000e\000c\000t\000e\000d\000\040\000L\000T\000I\000\040\000S\000y\000t\000e\000m\000s}{section.13}% 61
\BOOKMARK [2][-]{subsection.13.5}{\376\377\000Z\000-\000t\000r\000a\000n\000s\000f\000o\000r\000m}{section.13}% 62
\BOOKMARK [2][-]{subsection.13.6}{\376\377\000P\000a\000i\000r\000s}{section.13}% 63
\BOOKMARK [2][-]{subsection.13.7}{\376\377\000Z\000-\000t\000r\000a\000n\000s\000f\000o\000r\000m\000\040\000p\000r\000o\000p\000e\000r\000t\000i\000e\000s}{section.13}% 64
\BOOKMARK [2][-]{subsection.13.8}{\376\377\000I\000n\000v\000e\000r\000s\000e\000\040\000Z\000-\000t\000r\000a\000n\000s\000f\000o\000r\000m}{section.13}% 65
\BOOKMARK [1][-]{section.14}{\376\377\0002\000D\000\040\000I\000m\000a\000g\000e\000\040\000P\000r\000o\000c\000e\000s\000s\000i\000n\000g}{}% 66
\BOOKMARK [2][-]{subsection.14.1}{\376\377\000S\000a\000m\000p\000l\000i\000n\000g}{section.14}% 67
\BOOKMARK [2][-]{subsection.14.2}{\376\377\000F\000o\000u\000r\000i\000e\000r\000\040\000s\000p\000a\000c\000e}{section.14}% 68
\BOOKMARK [2][-]{subsection.14.3}{\376\377\0002\000D\000\040\000C\000o\000n\000v\000o\000l\000u\000t\000i\000o\000n}{section.14}% 69
