\BOOKMARK [1][-]{section.0.1}{\376\377\000I\000n\000t\000r\000o\000d\000u\000c\000t\000i\000o\000n}{}% 1
\BOOKMARK [0][-]{chapter.1}{\376\377\000E\000l\000e\000c\000t\000r\000o\000s\000t\000a\000t\000i\000c\000s}{}% 2
\BOOKMARK [1][-]{section.1.1}{\376\377\000T\000h\000e\000\040\000c\000o\000n\000c\000e\000p\000t\000\040\000o\000f\000\040\000C\000h\000a\000r\000g\000e}{chapter.1}% 3
\BOOKMARK [1][-]{section.1.2}{\376\377\000C\000o\000n\000t\000i\000n\000u\000o\000u\000s\000\040\000C\000h\000a\000r\000g\000e\000\040\000D\000e\000n\000s\000i\000t\000y}{chapter.1}% 4
\BOOKMARK [1][-]{section.1.3}{\376\377\000C\000o\000u\000l\000o\000m\000b\000'\000s\000\040\000L\000a\000w}{chapter.1}% 5
\BOOKMARK [2][-]{subsection.1.3.1}{\376\377\000P\000r\000o\000p\000e\000r\000t\000i\000e\000s\000\040\000o\000f\000\040\000C\000o\000u\000l\000o\000m\000b\000'\000s\000\040\000L\000a\000w}{section.1.3}% 6
\BOOKMARK [1][-]{section.1.4}{\376\377\000W\000o\000r\000k\000,\000\040\000P\000o\000t\000e\000n\000t\000i\000a\000l\000\040\000E\000n\000e\000r\000g\000y}{chapter.1}% 7
\BOOKMARK [2][-]{subsection.1.4.1}{\376\377\000E\000l\000e\000c\000t\000r\000i\000c\000\040\000P\000o\000t\000e\000n\000t\000i\000a\000l\000\040\000E\000n\000e\000r\000g\000y}{section.1.4}% 8
\BOOKMARK [0][-]{chapter.2}{\376\377\000F\000i\000e\000l\000d\000s}{}% 9
\BOOKMARK [1][-]{section.2.1}{\376\377\000E\000l\000e\000c\000t\000r\000i\000c\000\040\000F\000i\000e\000l\000d\000s}{chapter.2}% 10
\BOOKMARK [2][-]{subsection.2.1.1}{\376\377\000P\000r\000o\000p\000e\000r\000t\000i\000e\000s\000\040\000o\000f\000\040\000E\000l\000e\000c\000t\000r\000i\000c\000\040\000F\000i\000e\000l\000d\000s}{section.2.1}% 11
\BOOKMARK [1][-]{section.2.2}{\376\377\000G\000a\000u\000s\000s\000'\000\040\000L\000a\000w}{chapter.2}% 12
\BOOKMARK [1][-]{section.2.3}{\376\377\000E\000l\000e\000c\000t\000r\000o\000s\000t\000a\000t\000i\000c\000\040\000P\000o\000t\000e\000n\000t\000i\000a\000l}{chapter.2}% 13
\BOOKMARK [1][-]{section.2.4}{\376\377\000E\000q\000u\000i\000p\000o\000t\000e\000n\000t\000i\000a\000l\000\040\000l\000i\000n\000e\000s}{chapter.2}% 14
\BOOKMARK [1][-]{section.2.5}{\376\377\000D\000i\000f\000f\000e\000r\000e\000n\000t\000i\000a\000l\000\040\000F\000o\000r\000m\000s}{chapter.2}% 15
\BOOKMARK [2][-]{subsection.2.5.1}{\376\377\000D\000i\000f\000f\000e\000r\000e\000n\000t\000i\000a\000l\000\040\000G\000a\000u\000s\000s\000'\000\040\000L\000a\000w}{section.2.5}% 16
\BOOKMARK [2][-]{subsection.2.5.2}{\376\377\000P\000o\000i\000s\000s\000o\000n\000'\000s\000\040\000E\000q\000u\000a\000t\000i\000o\000n}{section.2.5}% 17
\BOOKMARK [2][-]{subsection.2.5.3}{\376\377\000P\000r\000o\000p\000e\000r\000t\000i\000e\000s\000\040\000o\000f\000\040\000E\000l\000e\000c\000t\000r\000o\000s\000t\000a\000t\000i\000c\000\040\000P\000o\000t\000e\000n\000t\000i\000a\000l}{section.2.5}% 18
\BOOKMARK [0][-]{chapter.3}{\376\377\000C\000i\000r\000c\000u\000i\000t\000s}{}% 19
\BOOKMARK [1][-]{section.3.1}{\376\377\000P\000e\000r\000f\000e\000c\000t\000/\000I\000d\000e\000a\000l\000\040\000C\000o\000n\000d\000u\000c\000t\000o\000r\000s}{chapter.3}% 20
