\BOOKMARK [1][-]{section.1}{\376\377\000I\000n\000t\000r\000o\000d\000u\000c\000t\000i\000o\000n}{}% 1
\BOOKMARK [2][-]{subsection.1.1}{\376\377\000E\000x\000a\000m\000p\000l\000e\000s\000\040\000o\000f\000\040\000M\000a\000c\000h\000i\000n\000e\000\040\000L\000e\000a\000r\000n\000i\000n\000g}{section.1}% 2
\BOOKMARK [2][-]{subsection.1.2}{\376\377\000M\000N\000I\000S\000T}{section.1}% 3
\BOOKMARK [2][-]{subsection.1.3}{\376\377\000M\000a\000c\000h\000i\000n\000e\000\040\000L\000e\000a\000r\000n\000i\000n\000g\000\040\000A\000p\000p\000r\000o\000a\000c\000h}{section.1}% 4
\BOOKMARK [3][-]{subsubsection.1.3.1}{\376\377\000S\000m\000a\000l\000l\000\040\000a\000s\000i\000d\000e\000\040\000o\000n\000\040\000t\000r\000a\000i\000n\000i\000n\000g\000\040\000e\000r\000r\000o\000r}{subsection.1.3}% 5
\BOOKMARK [2][-]{subsection.1.4}{\376\377\000H\000o\000w\000\040\000t\000o\000\040\000m\000a\000k\000e\000\040\000n\000o\000n\000l\000i\000n\000e\000a\000r\000\040\000d\000e\000c\000i\000s\000i\000o\000n\000\040\000b\000o\000u\000n\000d\000a\000r\000i\000e\000s\000?}{section.1}% 6
\BOOKMARK [2][-]{subsection.1.5}{\376\377\000N\000e\000u\000r\000a\000l\000\040\000N\000e\000t\000w\000o\000r\000k\000s}{section.1}% 7
\BOOKMARK [2][-]{subsection.1.6}{\376\377\000T\000r\000a\000i\000n\000i\000n\000g\000\040\000a\000\040\000N\000e\000u\000r\000a\000l\000\040\000N\000e\000t\000w\000o\000r\000k}{section.1}% 8
\BOOKMARK [1][-]{section.2}{\376\377\000M\000a\000x\000i\000m\000u\000m\000\040\000L\000i\000k\000e\000l\000i\000h\000o\000o\000d\000\040\000E\000s\000t\000i\000m\000a\000t\000i\000o\000n}{}% 9
\BOOKMARK [2][-]{subsection.2.1}{\376\377\000O\000p\000t\000i\000m\000a\000l\000\040\000C\000l\000a\000s\000s\000i\000f\000i\000e\000r}{section.2}% 10
\BOOKMARK [2][-]{subsection.2.2}{\376\377\000E\000r\000r\000o\000r\000,\000\040\000V\000a\000l\000i\000d\000a\000t\000i\000o\000n\000\040\000a\000n\000d\000\040\000C\000r\000o\000s\000s\000-\000V\000a\000l\000i\000d\000a\000t\000i\000o\000n}{section.2}% 11
\BOOKMARK [2][-]{subsection.2.3}{\376\377\000M\000a\000x\000i\000m\000u\000m\000\040\000L\000i\000k\000e\000l\000i\000h\000o\000o\000d\000\040\000E\000s\000t\000i\000m\000a\000t\000i\000o\000n\000\040\000\050\000M\000L\000E\000\051}{section.2}% 12
\BOOKMARK [3][-]{subsubsection.2.3.1}{\376\377\000Q\000u\000i\000c\000k\000\040\000a\000s\000i\000d\000e\000\040\000o\000n\000\040\000R\000V\000s}{subsection.2.3}% 13
\BOOKMARK [2][-]{subsection.2.4}{\376\377\000M\000L\000E\000\040\000S\000e\000t\000u\000p}{section.2}% 14
\BOOKMARK [2][-]{subsection.2.5}{\376\377\000M\000L\000E\000\040\000P\000r\000o\000p\000e\000r\000t\000e\000i\000s}{section.2}% 15
\BOOKMARK [2][-]{subsection.2.6}{\376\377\000U\000n\000i\000v\000a\000r\000i\000a\000t\000e\000\040\000G\000a\000u\000s\000s\000i\000a\000n\000\040\000E\000x\000a\000m\000p\000l\000e}{section.2}% 16
\BOOKMARK [1][-]{section.3}{\376\377\000M\000u\000l\000t\000i\000v\000a\000r\000i\000a\000t\000e\000\040\000G\000a\000u\000s\000s\000i\000a\000n\000s}{}% 17
\BOOKMARK [2][-]{subsection.3.1}{\376\377\000M\000L\000E\000\040\000f\000o\000r\000\040\000M\000u\000l\000t\000i\000n\000o\000m\000i\000a\000l\000\040\000D\000i\000s\000t\000r\000i\000b\000u\000t\000i\000o\000n}{section.3}% 18
\BOOKMARK [2][-]{subsection.3.2}{\376\377\000M\000u\000l\000t\000i\000v\000a\000r\000i\000a\000t\000e\000\040\000G\000a\000u\000s\000s\000i\000a\000n\000s}{section.3}% 19
\BOOKMARK [2][-]{subsection.3.3}{\376\377\000U\000n\000i\000v\000a\000r\000i\000a\000t\000e\000\040\000G\000a\000u\000s\000s\000i\000a\000n\000s}{section.3}% 20
\BOOKMARK [2][-]{subsection.3.4}{\376\377\000U\000n\000d\000e\000r\000s\000t\000a\000n\000d\000i\000n\000g\000\040\000t\000h\000e\000\040\000C\000o\000v\000a\000r\000i\000a\000n\000c\000e\000\040\000M\000a\000t\000r\000i\000x}{section.3}% 21
\BOOKMARK [2][-]{subsection.3.5}{\376\377\000R\000e\000v\000i\000e\000w\000\040\000o\000f\000\040\000E\000x\000p\000e\000c\000t\000a\000t\000i\000o\000n\000s\000,\000\040\000V\000a\000r\000i\000a\000n\000c\000e\000,\000\040\000C\000o\000v\000a\000r\000i\000a\000n\000c\000e}{section.3}% 22
\BOOKMARK [2][-]{subsection.3.6}{\376\377\000R\000e\000t\000u\000r\000n\000\040\000t\000o\000\040\000M\000V\000G}{section.3}% 23
\BOOKMARK [2][-]{subsection.3.7}{\376\377\000D\000i\000a\000g\000o\000n\000a\000l\000i\000z\000i\000n\000g\000\040\000a\000\040\000M\000a\000t\000r\000i\000x}{section.3}% 24
\BOOKMARK [1][-]{section.4}{\376\377\000L\000i\000n\000e\000a\000r\000\040\000R\000e\000g\000r\000e\000s\000s\000i\000o\000n}{}% 25
\BOOKMARK [2][-]{subsection.4.1}{\376\377\000R\000e\000g\000r\000e\000s\000s\000i\000o\000n}{section.4}% 26
\BOOKMARK [2][-]{subsection.4.2}{\376\377\000L\000i\000n\000e\000a\000r\000\040\000R\000e\000g\000r\000e\000s\000s\000i\000o\000n}{section.4}% 27
\BOOKMARK [2][-]{subsection.4.3}{\376\377\000S\000p\000e\000c\000i\000f\000i\000c\000\040\000L\000i\000n\000e\000a\000r\000\040\000R\000e\000g\000r\000e\000s\000s\000i\000o\000n}{section.4}% 28
\BOOKMARK [1][-]{section.5}{\376\377\000L\000i\000n\000e\000a\000r\000\040\000R\000e\000g\000r\000e\000s\000s\000i\000o\000n\000\040\000I\000I}{}% 29
\BOOKMARK [2][-]{subsection.5.1}{\376\377\000I\000n\000t\000u\000i\000t\000i\000o\000n\000\040\000f\000o\000r\000\040\000i\000n\000f\000i\000n\000i\000t\000e\000\040\000s\000o\000l\000u\000t\000i\000o\000n\000s}{section.5}% 30
\BOOKMARK [2][-]{subsection.5.2}{\376\377\000L\0002\000\040\000R\000e\000g\000u\000l\000a\000r\000i\000z\000e\000d\000\040\000L\000i\000n\000e\000a\000r\000\040\000R\000e\000g\000r\000e\000s\000s\000i\000o\000n}{section.5}% 31
\BOOKMARK [2][-]{subsection.5.3}{\376\377\000M\000A\000P\000\040\000E\000s\000t\000i\000m\000a\000t\000i\000o\000n}{section.5}% 32
\BOOKMARK [2][-]{subsection.5.4}{\376\377\000L\000a\000s\000s\000o\000\040\000r\000e\000g\000r\000e\000s\000s\000i\000o\000n}{section.5}% 33
\BOOKMARK [1][-]{section.6}{\376\377\000C\000l\000a\000s\000s\000i\000f\000i\000c\000a\000t\000i\000o\000n\000:\000\040\000G\000e\000n\000e\000r\000a\000t\000i\000v\000e\000\040\000a\000n\000d\000\040\000D\000i\000s\000c\000r\000i\000m\000i\000n\000a\000t\000i\000v\000e}{}% 34
\BOOKMARK [2][-]{subsection.6.1}{\376\377\000B\000a\000y\000e\000s\000'\000\040\000R\000u\000l\000e}{section.6}% 35
\BOOKMARK [2][-]{subsection.6.2}{\376\377\000W\000a\000y\000s\000\040\000o\000f\000\040\000B\000u\000i\000l\000d\000i\000n\000g\000\040\000C\000l\000a\000s\000s\000i\000f\000i\000e\000r\000s}{section.6}% 36
\BOOKMARK [2][-]{subsection.6.3}{\376\377\000L\000o\000g\000i\000s\000t\000i\000c\000\040\000R\000e\000g\000r\000e\000s\000s\000i\000o\000n}{section.6}% 37
\BOOKMARK [2][-]{subsection.6.4}{\376\377\000M\000o\000d\000e\000l\000i\000n\000g\000\040\000t\000h\000e\000\040\000P\000o\000s\000t\000e\000r\000i\000o\000r\000\040\000P\000r\000o\000b\000a\000b\000i\000l\000i\000t\000y\000\040\000D\000i\000s\000t\000r\000i\000b\000u\000t\000i\000o\000n}{section.6}% 38
\BOOKMARK [1][-]{section.7}{\376\377\000L\000o\000g\000i\000s\000t\000i\000c\000\040\000R\000e\000g\000r\000e\000s\000s\000i\000o\000n\000\040\000\046\000\040\000N\000e\000u\000r\000a\000l\000\040\000N\000e\000t\000w\000o\000r\000k\000s}{}% 39
\BOOKMARK [2][-]{subsection.7.1}{\376\377\000M\000u\000l\000t\000i\000-\000C\000l\000a\000s\000s\000\040\000C\000l\000a\000s\000s\000i\000f\000i\000c\000a\000t\000i\000o\000n}{section.7}% 40
\BOOKMARK [2][-]{subsection.7.2}{\376\377\000D\000i\000s\000c\000r\000i\000m\000i\000n\000a\000t\000i\000v\000e\000\040\000L\000e\000a\000r\000n\000i\000n\000g}{section.7}% 41
\BOOKMARK [1][-]{section.8}{\376\377\000G\000r\000a\000d\000i\000e\000n\000t\000\040\000D\000e\000s\000c\000e\000n\000t\000\040\000a\000n\000d\000\040\000B\000a\000c\000k\000p\000r\000o\000p\000a\000g\000a\000t\000i\000o\000n}{}% 42
\BOOKMARK [2][-]{subsection.8.1}{\376\377\000S\000i\000n\000g\000l\000e\000-\000L\000a\000y\000e\000r\000\040\000N\000e\000u\000r\000a\000l\000\040\000N\000e\000t\000w\000o\000r\000k\000s}{section.8}% 43
\BOOKMARK [2][-]{subsection.8.2}{\376\377\000T\000w\000o\000-\000L\000a\000y\000e\000r\000\040\000N\000e\000u\000r\000a\000l\000\040\000N\000e\000t\000w\000o\000r\000k\000s}{section.8}% 44
\BOOKMARK [2][-]{subsection.8.3}{\376\377\000G\000r\000a\000d\000i\000e\000n\000t\000\040\000D\000e\000s\000c\000e\000n\000t}{section.8}% 45
\BOOKMARK [2][-]{subsection.8.4}{\376\377\000S\000t\000o\000c\000h\000a\000s\000t\000i\000c\000\040\000G\000r\000a\000d\000i\000e\000n\000t\000\040\000D\000e\000s\000c\000e\000n\000t}{section.8}% 46
\BOOKMARK [1][-]{section.9}{\376\377\000B\000a\000c\000k\000p\000r\000o\000p\000a\000g\000a\000t\000i\000o\000n\000\040\000a\000n\000d\000\040\000G\000r\000a\000d\000i\000e\000n\000t\000\040\000D\000e\000s\000c\000e\000n\000t\000\040\000I\000I}{}% 47
\BOOKMARK [2][-]{subsection.9.1}{\376\377\000S\000u\000m\000m\000a\000r\000y\000\040\000o\000f\000\040\000P\000r\000e\000v\000i\000o\000u\000s\000\040\000L\000e\000c\000t\000u\000r\000e}{section.9}% 48
\BOOKMARK [2][-]{subsection.9.2}{\376\377\000L\000o\000s\000s\000\040\000f\000o\000r\000\040\000\040\000K\000\040\000-\000c\000l\000a\000s\000s\000i\000f\000i\000c\000a\000t\000i\000o\000n}{section.9}% 49
\BOOKMARK [2][-]{subsection.9.3}{\376\377\000G\000e\000n\000e\000r\000a\000l\000i\000z\000e\000d\000\040\000L\000o\000s\000s}{section.9}% 50
\BOOKMARK [2][-]{subsection.9.4}{\376\377\000B\000a\000c\000k\000p\000r\000o\000p\000a\000g\000a\000t\000i\000o\000n}{section.9}% 51
\BOOKMARK [1][-]{section.10}{\376\377\000C\000N\000N\000s\000,\000\040\000R\000e\000s\000N\000e\000t\000s\000,\000\040\000B\000a\000t\000c\000h\000\040\000N\000o\000r\000m\000a\000l\000i\000z\000a\000t\000i\000o\000n}{}% 52
\BOOKMARK [2][-]{subsection.10.1}{\376\377\000S\000u\000m\000m\000a\000r\000y\000\040\000o\000f\000\040\000L\000a\000s\000t\000\040\000L\000e\000c\000t\000u\000r\000e}{section.10}% 53
\BOOKMARK [2][-]{subsection.10.2}{\376\377\000C\000o\000n\000v\000o\000l\000u\000t\000i\000o\000n\000a\000l\000\040\000N\000e\000u\000r\000a\000l\000\040\000N\000e\000t\000w\000o\000r\000k\000s\000\040\000\050\000C\000N\000N\000\051}{section.10}% 54
\BOOKMARK [3][-]{subsubsection.10.2.1}{\376\377\000I\000n\000v\000a\000r\000i\000a\000n\000c\000e\000\040\000a\000n\000d\000\040\000E\000q\000u\000i\000v\000a\000r\000i\000a\000n\000c\000e}{subsection.10.2}% 55
\BOOKMARK [3][-]{subsubsection.10.2.2}{\376\377\000S\000t\000r\000u\000c\000t\000u\000r\000e\000\040\000o\000f\000\040\000a\000\040\000C\000N\000N}{subsection.10.2}% 56
\BOOKMARK [2][-]{subsection.10.3}{\376\377\000R\000e\000s\000N\000e\000t\000s}{section.10}% 57
\BOOKMARK [2][-]{subsection.10.4}{\376\377\000B\000a\000t\000c\000h\000\040\000N\000o\000r\000m\000a\000l\000i\000z\000a\000t\000i\000o\000n}{section.10}% 58
\BOOKMARK [1][-]{section.11}{\376\377\000R\000e\000c\000u\000r\000r\000e\000n\000t\000\040\000N\000N\000s\000,\000\040\000A\000t\000t\000e\000n\000t\000i\000o\000n\000\040\000\046\000\040\000T\000r\000a\000n\000s\000f\000o\000r\000m\000e\000r\000s}{}% 59
\BOOKMARK [2][-]{subsection.11.1}{\376\377\000S\000e\000q\000u\000e\000n\000c\000e\000-\000t\000o\000-\000S\000e\000q\000u\000e\000n\000c\000e\000\040\000M\000o\000d\000e\000l\000s}{section.11}% 60
\BOOKMARK [2][-]{subsection.11.2}{\376\377\000R\000N\000N\000\040\000B\000o\000t\000t\000l\000e\000n\000e\000c\000k\000,\000\040\000A\000t\000t\000e\000n\000t\000i\000o\000n}{section.11}% 61
\BOOKMARK [2][-]{subsection.11.3}{\376\377\000T\000r\000a\000n\000s\000f\000o\000r\000m\000e\000r\000s}{section.11}% 62
\BOOKMARK [1][-]{section.12}{\376\377\000D\000i\000m\000e\000n\000s\000i\000o\000n\000a\000l\000i\000t\000y\000\040\000R\000e\000d\000u\000c\000t\000i\000o\000n\000,\000\040\000P\000C\000A}{}% 63
\BOOKMARK [2][-]{subsection.12.1}{\376\377\000D\000i\000m\000e\000n\000s\000i\000o\000n\000a\000l\000i\000t\000y\000\040\000R\000e\000d\000u\000c\000t\000i\000o\000n}{section.12}% 64
\BOOKMARK [2][-]{subsection.12.2}{\376\377\000P\000r\000i\000n\000c\000i\000p\000a\000l\000\040\000C\000o\000m\000p\000o\000n\000e\000n\000t\000\040\000A\000n\000a\000l\000y\000s\000i\000s\000\040\000\050\000P\000C\000A\000\051}{section.12}% 65
\BOOKMARK [2][-]{subsection.12.3}{\376\377\000S\000i\000n\000g\000u\000l\000a\000r\000\040\000V\000a\000l\000u\000e\000\040\000D\000e\000c\000o\000m\000p\000o\000s\000i\000t\000i\000o\000n\000\040\000\050\000S\000V\000D\000\051}{section.12}% 66
\BOOKMARK [1][-]{section.13}{\376\377\000t\000-\000S\000N\000E}{}% 67
\BOOKMARK [2][-]{subsection.13.1}{\376\377\000N\000e\000i\000g\000h\000b\000o\000r\000h\000o\000o\000d\000\040\000E\000m\000b\000e\000d\000d\000i\000n\000g\000\040\000\050\000N\000E\000\051}{section.13}% 68
\BOOKMARK [2][-]{subsection.13.2}{\376\377\000S\000t\000o\000c\000h\000a\000s\000t\000i\000c\000\040\000N\000E\000\040\000\050\000S\000N\000E\000\051}{section.13}% 69
\BOOKMARK [1][-]{section.14}{\376\377\000C\000l\000u\000s\000t\000e\000r\000i\000n\000g}{}% 70
\BOOKMARK [2][-]{subsection.14.1}{\376\377\000A\000p\000p\000r\000o\000a\000c\000h\000e\000s\000\040\000t\000o\000\040\000C\000l\000u\000s\000t\000e\000r\000i\000n\000g}{section.14}% 71
\BOOKMARK [2][-]{subsection.14.2}{\376\377\000A\000s\000i\000d\000e\000:\000\040\000D\000i\000s\000t\000a\000n\000c\000e\000s\000,\000\040\000m\000e\000t\000r\000i\000c\000s}{section.14}% 72
\BOOKMARK [2][-]{subsection.14.3}{\376\377\000\040\000k\000\040\000-\000m\000e\000a\000n\000s}{section.14}% 73
\BOOKMARK [2][-]{subsection.14.4}{\376\377\000G\000r\000a\000d\000i\000e\000n\000t\000\040\000D\000e\000s\000c\000e\000n\000t}{section.14}% 74
\BOOKMARK [2][-]{subsection.14.5}{\376\377\000W\000e\000a\000k\000n\000e\000s\000s\000e\000s\000\040\000o\000f\000\040\000\040\000k\000\040\000-\000m\000e\000a\000n\000s}{section.14}% 75
\BOOKMARK [2][-]{subsection.14.6}{\376\377\000S\000o\000f\000t\000\040\000\040\000k\000\040\000-\000m\000e\000a\000n\000s}{section.14}% 76
\BOOKMARK [2][-]{subsection.14.7}{\376\377\000M\000i\000x\000t\000u\000r\000e\000\040\000o\000f\000\040\000G\000a\000u\000s\000s\000i\000a\000n\000s}{section.14}% 77
\BOOKMARK [1][-]{section.15}{\376\377\000N\000e\000a\000r\000e\000s\000t\000\040\000N\000e\000i\000g\000h\000b\000o\000r\000\040\000a\000n\000d\000\040\000M\000e\000t\000r\000i\000c\000\040\000L\000e\000a\000r\000n\000i\000n\000g}{}% 78
\BOOKMARK [2][-]{subsection.15.1}{\376\377\000P\000a\000r\000a\000m\000e\000t\000r\000i\000c\000\040\000v\000s\000.\000\040\000N\000o\000n\000-\000P\000a\000r\000a\000m\000e\000t\000r\000i\000c\000\040\000M\000o\000d\000e\000l\000s}{section.15}% 79
\BOOKMARK [2][-]{subsection.15.2}{\376\377\000K\000N\000N\000\040\000C\000l\000a\000s\000s\000i\000f\000i\000e\000r}{section.15}% 80
\BOOKMARK [2][-]{subsection.15.3}{\376\377\000K\000N\000N\000\040\000G\000e\000n\000e\000r\000a\000t\000i\000v\000e\000\040\000C\000l\000a\000s\000s\000i\000f\000i\000e\000r}{section.15}% 81
\BOOKMARK [2][-]{subsection.15.4}{\376\377\000P\000r\000o\000s\000\040\000a\000n\000d\000\040\000C\000o\000n\000s\000\040\000o\000f\000\040\000K\000N\000N}{section.15}% 82
\BOOKMARK [2][-]{subsection.15.5}{\376\377\000M\000a\000n\000i\000f\000o\000l\000d\000\040\000H\000y\000p\000o\000t\000h\000e\000s\000i\000s}{section.15}% 83
\BOOKMARK [1][-]{section.16}{\376\377\000M\000u\000l\000t\000i\000w\000a\000y\000\040\000C\000l\000a\000s\000s\000i\000f\000i\000c\000a\000t\000i\000o\000n\000,\000\040\000D\000e\000c\000i\000s\000i\000o\000n\000\040\000T\000h\000e\000o\000r\000y\000,\000\040\000M\000o\000d\000e\000l\000\040\000E\000v\000a\000l\000u\000a\000t\000i\000o\000n}{}% 84
\BOOKMARK [2][-]{subsection.16.1}{\376\377\000C\000h\000o\000o\000s\000i\000n\000g\000\040\000b\000e\000t\000w\000e\000e\000n\000\040\000c\000l\000a\000s\000s\000i\000f\000i\000e\000r\000s}{section.16}% 85
\BOOKMARK [2][-]{subsection.16.2}{\376\377\000F\000a\000l\000s\000e\000\040\000P\000o\000s\000i\000t\000i\000v\000e\000s\000,\000\040\000F\000a\000l\000s\000e\000\040\000N\000e\000g\000a\000t\000i\000v\000e\000s\000,\000\040\000e\000t\000c\000.}{section.16}% 86
\BOOKMARK [2][-]{subsection.16.3}{\376\377\000M\000a\000k\000i\000n\000g\000\040\000R\000O\000C\000\040\000C\000u\000r\000v\000e\000s}{section.16}% 87
\BOOKMARK [2][-]{subsection.16.4}{\376\377\000M\000o\000d\000e\000l\000s\000\040\000w\000i\000t\000h\000\040\000A\000U\000C}{section.16}% 88
\BOOKMARK [2][-]{subsection.16.5}{\376\377\000T\000r\000a\000i\000n\000i\000n\000g\000\040\000C\000l\000a\000s\000s\000i\000f\000i\000e\000r\000s}{section.16}% 89
\BOOKMARK [1][-]{section.17}{\376\377\000D\000e\000c\000i\000s\000i\000o\000n\000\040\000T\000r\000e\000e\000s\000,\000\040\000E\000n\000s\000e\000m\000b\000l\000e\000\040\000A\000p\000p\000r\000o\000a\000c\000h\000e\000s}{}% 90
\BOOKMARK [2][-]{subsection.17.1}{\376\377\000S\000t\000r\000u\000c\000t\000u\000r\000e}{section.17}% 91
\BOOKMARK [2][-]{subsection.17.2}{\376\377\000B\000u\000i\000l\000d\000i\000n\000g\000\040\000D\000e\000c\000i\000s\000i\000o\000n\000\040\000T\000r\000e\000e\000s}{section.17}% 92
