\BOOKMARK [1][-]{section.1}{\376\377\000P\000r\000o\000b\000l\000e\000m\000\040\0001}{}% 1
\BOOKMARK [1][-]{section.2}{\376\377\000P\000r\000o\000b\000l\000e\000m\000\040\0002}{}% 2
\BOOKMARK [1][-]{section.3}{\376\377\000P\000r\000o\000b\000l\000e\000m\000\040\0003}{}% 3
\BOOKMARK [1][-]{section.4}{\376\377\000P\000r\000o\000b\000l\000e\000m\000\040\0004}{}% 4
\BOOKMARK [1][-]{section.5}{\376\377\000P\000r\000o\000b\000l\000e\000m\000\040\0005}{}% 5
\BOOKMARK [2][-]{subsection.5.1}{\376\377\000P\000a\000r\000t\000\040\000a}{section.5}% 6
\BOOKMARK [2][-]{subsection.5.2}{\376\377\000P\000a\000r\000t\000\040\000b}{section.5}% 7
\BOOKMARK [1][-]{section.6}{\376\377\000P\000r\000o\000b\000l\000e\000m\000\040\0006}{}% 8
\BOOKMARK [2][-]{subsection.6.1}{\376\377\000P\000a\000r\000t\000s\000\040\000a\000,\000\040\000b\000,\000\040\000c}{section.6}% 9
\BOOKMARK [2][-]{subsection.6.2}{\376\377\000P\000a\000r\000t\000\040\000d}{section.6}% 10
\BOOKMARK [2][-]{subsection.6.3}{\376\377\000P\000a\000r\000t\000\040\000e}{section.6}% 11
\BOOKMARK [2][-]{subsection.6.4}{\376\377\000P\000a\000r\000t\000\040\000f}{section.6}% 12
\BOOKMARK [2][-]{subsection.6.5}{\376\377\000P\000a\000r\000t\000\040\000g}{section.6}% 13
\BOOKMARK [2][-]{subsection.6.6}{\376\377\000P\000a\000r\000t\000\040\000h}{section.6}% 14
\BOOKMARK [1][-]{section.7}{\376\377\000P\000r\000o\000b\000l\000e\000m\000\040\0007}{}% 15
\BOOKMARK [1][-]{section.8}{\376\377\000P\000r\000o\000b\000l\000e\000m\000\040\0008}{}% 16
\BOOKMARK [1][-]{section.9}{\376\377\000P\000r\000o\000b\000l\000e\000m\000\040\0009}{}% 17
\BOOKMARK [1][-]{section.10}{\376\377\000P\000r\000o\000b\000l\000e\000m\000\040\0001\0000}{}% 18
\BOOKMARK [2][-]{subsection.10.1}{\376\377\000P\000a\000r\000t\000\040\000a}{section.10}% 19
\BOOKMARK [3][-]{subsubsection.10.1.1}{\376\377\000A\000l\000t\000e\000r\000n\000a\000t\000i\000v\000e\000\040\000M\000e\000t\000h\000o\000d}{subsection.10.1}% 20
\BOOKMARK [2][-]{subsection.10.2}{\376\377\000P\000a\000r\000t\000\040\000b}{section.10}% 21
\BOOKMARK [1][-]{section.11}{\376\377\000P\000r\000o\000b\000l\000e\000m\000\040\0001\0001}{}% 22
\BOOKMARK [1][-]{section.12}{\376\377\000P\000r\000o\000b\000l\000e\000m\000\040\0001\0002}{}% 23
\BOOKMARK [1][-]{section.13}{\376\377\000P\000r\000o\000b\000l\000e\000m\000\040\0001\0003}{}% 24
\BOOKMARK [1][-]{section.14}{\376\377\000D\000a\000n\000g\000o}{}% 25
