\BOOKMARK [1][-]{section.1}{\376\377\000C\000h\000a\000i\000n\000\040\000R\000u\000l\000e\000\040\0001}{}% 1
\BOOKMARK [2][-]{subsection.1.1}{\376\377\000P\000a\000r\000t\000\040\000c}{section.1}% 2
\BOOKMARK [1][-]{section.2}{\376\377\000C\000h\000a\000i\000n\000\040\000R\000u\000l\000e\000\040\0002}{}% 3
\BOOKMARK [2][-]{subsection.2.1}{\376\377\000P\000a\000r\000t\000\040\000a}{section.2}% 4
\BOOKMARK [2][-]{subsection.2.2}{\376\377\000P\000a\000r\000t\000\040\000b}{section.2}% 5
\BOOKMARK [2][-]{subsection.2.3}{\376\377\000P\000a\000r\000t\000\040\000c}{section.2}% 6
\BOOKMARK [2][-]{subsection.2.4}{\376\377\000P\000a\000r\000t\000\040\000c}{section.2}% 7
\BOOKMARK [1][-]{section.3}{\376\377\000C\000o\000m\000p\000l\000e\000x\000\040\000N\000u\000m\000b\000e\000r\000s\000,\000\040\000T\000a\000y\000l\000o\000r\000\040\000E\000x\000p\000r\000e\000s\000s\000i\000o\000n\000s\000,\000\040\000E\000u\000l\000e\000r\000'\000s\000\040\000f\000o\000r\000m\000u\000l\000a}{}% 8
\BOOKMARK [2][-]{subsection.3.1}{\376\377\000P\000a\000r\000t\000\040\000a}{section.3}% 9
\BOOKMARK [2][-]{subsection.3.2}{\376\377\000P\000a\000r\000t\000\040\000b}{section.3}% 10
\BOOKMARK [2][-]{subsection.3.3}{\376\377\000P\000a\000r\000t\000\040\000c}{section.3}% 11
\BOOKMARK [2][-]{subsection.3.4}{\376\377\000P\000a\000r\000t\000\040\000d}{section.3}% 12
\BOOKMARK [2][-]{subsection.3.5}{\376\377\000P\000a\000r\000t\000\040\000e}{section.3}% 13
\BOOKMARK [1][-]{section.4}{\376\377\000T\000r\000i\000g\000\040\000I\000d\000e\000n\000t\000i\000t\000i\000e\000s}{}% 14
\BOOKMARK [1][-]{section.5}{\376\377\000I\000n\000t\000e\000g\000r\000a\000l\000s\000\040\000a\000n\000d\000\040\000D\000E\000'\000s}{}% 15
\BOOKMARK [1][-]{section.6}{\376\377\000V\000e\000c\000t\000o\000r\000s\000\040\000a\000n\000d\000\040\000B\000a\000s\000i\000c\000\040\000K\000i\000n\000e\000m\000a\000t\000i\000c\000s}{}% 16
\BOOKMARK [2][-]{subsection.6.1}{\376\377\000K\000K\000\040\0001\000.\0003}{section.6}% 17
\BOOKMARK [2][-]{subsection.6.2}{\376\377\000K\000K\000\040\0001\000.\0006}{section.6}% 18
\BOOKMARK [2][-]{subsection.6.3}{\376\377\000K\000K\000\040\0001\000.\0007}{section.6}% 19
\BOOKMARK [2][-]{subsection.6.4}{\376\377\000K\000K\000\040\0001\000.\0001\0000}{section.6}% 20
\BOOKMARK [3][-]{subsubsection.6.4.1}{\376\377\000P\000a\000r\000t\000\040\000a}{subsection.6.4}% 21
\BOOKMARK [3][-]{subsubsection.6.4.2}{\376\377\000P\000a\000r\000t\000\040\000b}{subsection.6.4}% 22
\BOOKMARK [3][-]{subsubsection.6.4.3}{\376\377\000P\000a\000r\000t\000\040\000c}{subsection.6.4}% 23
\BOOKMARK [2][-]{subsection.6.5}{\376\377\000K\000K\000\040\0001\000.\0001\0004}{section.6}% 24
